#
# There is insufficient memory for the Java Runtime Environment to continue.
# Native memory allocation (malloc) failed to allocate 1043536 bytes for Chunk::new
# Possible reasons:
#   The system is out of physical RAM or swap space
#   The process is running with CompressedOops enabled, and the Java Heap may be blocking the growth of the native heap
# Possible solutions:
#   Reduce memory load on the system
#   Increase physical memory or swap space
#   Check if swap backing store is full
#   Decrease Java heap size (-Xmx/-Xms)
#   Decrease number of Java threads
#   Decrease Java thread stack sizes (-Xss)
#   Set larger code cache with -XX:ReservedCodeCacheSize=
#   JVM is running with Unscaled Compressed Oops mode in which the Java heap is
#     placed in the first 4GB address space. The Java Heap base address is the
#     maximum limit for the native heap growth. Please use -XX:HeapBaseMinAddress
#     to set the Java Heap base and to place the Java Heap above 4GB virtual address.
# This output file may be truncated or incomplete.
#
#  Out of Memory Error (./src/hotspot/share/memory/arena.cpp:197), pid=4392, tid=5728
#
# JRE version: OpenJDK Runtime Environment (11.0.10) (build 11.0.10+0-b96-7249189)
# Java VM: OpenJDK 64-Bit Server VM (11.0.10+0-b96-7249189, mixed mode, tiered, compressed oops, g1 gc, windows-amd64)
# No core dump will be written. Minidumps are not enabled by default on client versions of Windows
#

---------------  S U M M A R Y ------------

Command Line: --add-opens=java.base/java.util=ALL-UNNAMED --add-opens=java.base/java.lang=ALL-UNNAMED --add-opens=java.base/java.lang.invoke=ALL-UNNAMED --add-opens=java.base/java.util=ALL-UNNAMED --add-opens=java.prefs/java.util.prefs=ALL-UNNAMED --add-opens=java.prefs/java.util.prefs=ALL-UNNAMED --add-opens=java.base/java.nio.charset=ALL-UNNAMED --add-opens=java.base/java.net=ALL-UNNAMED --add-opens=java.base/java.util.concurrent.atomic=ALL-UNNAMED -Xmx2048m -Dfile.encoding=UTF-8 -Duser.country=RU -Duser.language=ru -Duser.variant org.gradle.launcher.daemon.bootstrap.GradleDaemon 7.0.2

Host: AMD Ryzen 3 2200U with Radeon Vega Mobile Gfx  , 4 cores, 6G,  Windows 10 , 64 bit Build 17763 (10.0.17763.2090)
Time: Sun Sep  5 23:43:00 2021 RTZ 3 (ceia) elapsed time: 2190.773647 seconds (0d 0h 36m 30s)

---------------  T H R E A D  ---------------

Current thread (0x000001877faa9800):  JavaThread "C2 CompilerThread1" daemon [_thread_in_native, id=5728, stack(0x0000005842f00000,0x0000005843000000)]


Current CompileTask:
C2:2190773 23110       4       org.gradle.api.internal.artifacts.ivyservice.resolveengine.graph.builder.DependencyGraphBuilder::resolveEdges (43 bytes)

Stack: [0x0000005842f00000,0x0000005843000000]
Native frames: (J=compiled Java code, j=interpreted, Vv=VM code, C=native code)
V  [jvm.dll+0x5ecfaa]
V  [jvm.dll+0x722bd5]
V  [jvm.dll+0x72412d]
V  [jvm.dll+0x7247e3]
V  [jvm.dll+0x242928]
V  [jvm.dll+0xbc4fc]
V  [jvm.dll+0xbca0c]
V  [jvm.dll+0x2b4fd4]
V  [jvm.dll+0x506028]
V  [jvm.dll+0x203253]
V  [jvm.dll+0x1fd07c]
V  [jvm.dll+0x1fa77f]
V  [jvm.dll+0x18354c]
V  [jvm.dll+0x208ee7]
V  [jvm.dll+0x207731]
V  [jvm.dll+0x6eb1cf]
V  [jvm.dll+0x6e3d45]
V  [jvm.dll+0x5ebe96]
C  [ucrtbase.dll+0x2268a]
C  [KERNEL32.DLL+0x17974]
C  [ntdll.dll+0x5a2f1]


---------------  P R O C E S S  ---------------

Threads class SMR info:
_java_thread_list=0x000001877f74fa80, length=50, elements={
0x0000018771a55800, 0x000001877c616000, 0x000001877c622000, 0x000001877c634800,
0x000001877c635800, 0x000001877c636800, 0x000001877c63b000, 0x000001877c641000,
0x000001877c64b800, 0x000001877d105000, 0x000001877fefe800, 0x000001870f375800,
0x000001877d1bf800, 0x000001877f4a3000, 0x000001877f4a1000, 0x000001877f4a4800,
0x000001877f4a5800, 0x000001877f4a2000, 0x0000018711bfc800, 0x0000018711bfa000,
0x0000018711bfe000, 0x0000018711bfd800, 0x0000018711bfb000, 0x0000018711c04000,
0x0000018711c05000, 0x000001877fb76000, 0x000001871375a000, 0x0000018711588000,
0x0000018711584800, 0x000001877fb74800, 0x000001877fb70800, 0x000001877fb75000,
0x000001877fb77000, 0x000001877fb72800, 0x000001877fb71000, 0x000001877fb72000,
0x000001877fb73800, 0x0000018711589800, 0x000001871158a000, 0x000001871158b000,
0x0000018711585800, 0x000001871158c000, 0x0000018711586000, 0x000001871158c800,
0x000001877faa9800, 0x0000018711587000, 0x000001871158e800, 0x000001871158f000,
0x0000018711590000, 0x0000018711590800
}

Java Threads: ( => current thread )
  0x0000018771a55800 JavaThread "main" [_thread_blocked, id=8864, stack(0x0000005840000000,0x0000005840100000)]
  0x000001877c616000 JavaThread "Reference Handler" daemon [_thread_blocked, id=940, stack(0x0000005840700000,0x0000005840800000)]
  0x000001877c622000 JavaThread "Finalizer" daemon [_thread_blocked, id=612, stack(0x0000005840800000,0x0000005840900000)]
  0x000001877c634800 JavaThread "Signal Dispatcher" daemon [_thread_blocked, id=1060, stack(0x0000005840900000,0x0000005840a00000)]
  0x000001877c635800 JavaThread "Attach Listener" daemon [_thread_blocked, id=1064, stack(0x0000005840a00000,0x0000005840b00000)]
  0x000001877c636800 JavaThread "Service Thread" daemon [_thread_blocked, id=1056, stack(0x0000005840b00000,0x0000005840c00000)]
  0x000001877c63b000 JavaThread "C2 CompilerThread0" daemon [_thread_in_native, id=9132, stack(0x0000005840c00000,0x0000005840d00000)]
  0x000001877c641000 JavaThread "C1 CompilerThread0" daemon [_thread_blocked, id=1140, stack(0x0000005840d00000,0x0000005840e00000)]
  0x000001877c64b800 JavaThread "Sweeper thread" daemon [_thread_blocked, id=5804, stack(0x0000005840e00000,0x0000005840f00000)]
  0x000001877d105000 JavaThread "Common-Cleaner" daemon [_thread_blocked, id=1208, stack(0x0000005840f00000,0x0000005841000000)]
  0x000001877fefe800 JavaThread "Daemon health stats" [_thread_blocked, id=8876, stack(0x0000005841300000,0x0000005841400000)]
  0x000001870f375800 JavaThread "Incoming local TCP Connector on port 49739" [_thread_in_native, id=1424, stack(0x0000005841100000,0x0000005841200000)]
  0x000001877d1bf800 JavaThread "Daemon periodic checks" [_thread_blocked, id=1408, stack(0x0000005841400000,0x0000005841500000)]
  0x000001877f4a3000 JavaThread "Cache worker for file hash cache (C:\Users\Alina\.gradle\caches\7.0.2\fileHashes)" [_thread_blocked, id=1764, stack(0x0000005841e00000,0x0000005841f00000)]
  0x000001877f4a1000 JavaThread "File lock request listener" [_thread_in_native, id=1868, stack(0x0000005841f00000,0x0000005842000000)]
  0x000001877f4a4800 JavaThread "Cache worker for journal cache (C:\Users\Alina\.gradle\caches\journal-1)" [_thread_blocked, id=1856, stack(0x0000005842000000,0x0000005842100000)]
  0x000001877f4a5800 JavaThread "File watcher server" daemon [_thread_in_native, id=2092, stack(0x0000005842300000,0x0000005842400000)]
  0x000001877f4a2000 JavaThread "File watcher consumer" daemon [_thread_blocked, id=4304, stack(0x0000005842400000,0x0000005842500000)]
  0x0000018711bfc800 JavaThread "Cache worker for execution history cache (C:\Users\Alina\.gradle\caches\7.0.2\executionHistory)" [_thread_blocked, id=2128, stack(0x0000005842800000,0x0000005842900000)]
  0x0000018711bfa000 JavaThread "jar transforms" [_thread_blocked, id=2188, stack(0x0000005842900000,0x0000005842a00000)]
  0x0000018711bfe000 JavaThread "jar transforms Thread 2" [_thread_blocked, id=2204, stack(0x0000005842a00000,0x0000005842b00000)]
  0x0000018711bfd800 JavaThread "Cache worker for file content cache (C:\Users\Alina\.gradle\caches\7.0.2\fileContent)" [_thread_blocked, id=2220, stack(0x0000005842b00000,0x0000005842c00000)]
  0x0000018711bfb000 JavaThread "jar transforms Thread 3" [_thread_blocked, id=2288, stack(0x0000005842d00000,0x0000005842e00000)]
  0x0000018711c04000 JavaThread "jar transforms Thread 4" [_thread_blocked, id=2592, stack(0x0000005843300000,0x0000005843400000)]
  0x0000018711c05000 JavaThread "Memory manager" [_thread_blocked, id=2708, stack(0x0000005843400000,0x0000005843500000)]
  0x000001877fb76000 JavaThread "Cache worker for Java compile cache (C:\Users\Alina\.gradle\caches\7.0.2\javaCompile)" [_thread_blocked, id=5988, stack(0x0000005843800000,0x0000005843900000)]
  0x000001871375a000 JavaThread "ForkJoinPool.commonPool-worker-3" daemon [_thread_blocked, id=4192, stack(0x0000005844200000,0x0000005844300000)]
  0x0000018711588000 JavaThread "Daemon Thread 6" [_thread_blocked, id=9920, stack(0x000000583fd00000,0x000000583fe00000)]
  0x0000018711584800 JavaThread "Daemon worker Thread 6" [_thread_blocked, id=9904, stack(0x0000005841500000,0x0000005841600000)]
  0x000001877fb74800 JavaThread "Handler for socket connection from /127.0.0.1:49739 to /127.0.0.1:60827" [_thread_in_native, id=7848, stack(0x000000583fe00000,0x000000583ff00000)]
  0x000001877fb70800 JavaThread "Cancel handler" [_thread_blocked, id=7584, stack(0x000000583ff00000,0x0000005840000000)]
  0x000001877fb75000 JavaThread "Asynchronous log dispatcher for DefaultDaemonConnection: socket connection from /127.0.0.1:49739 to /127.0.0.1:60827" [_thread_blocked, id=4092, stack(0x0000005841600000,0x0000005841700000)]
  0x000001877fb77000 JavaThread "Stdin handler" [_thread_blocked, id=2224, stack(0x0000005841700000,0x0000005841800000)]
  0x000001877fb72800 JavaThread "Daemon client event forwarder" [_thread_blocked, id=6056, stack(0x0000005841800000,0x0000005841900000)]
  0x000001877fb71000 JavaThread "Cache worker for file hash cache (C:\Users\Alina\AndroidStudioProjects\Dynamicwarehouse\.gradle\7.0.2\fileHashes)" [_thread_blocked, id=4844, stack(0x0000005841900000,0x0000005841a00000)]
  0x000001877fb72000 JavaThread "Cache worker for checksums cache (C:\Users\Alina\AndroidStudioProjects\Dynamicwarehouse\.gradle\checksums)" [_thread_blocked, id=9992, stack(0x0000005841a00000,0x0000005841b00000)]
  0x000001877fb73800 JavaThread "Cache worker for cache directory md-supplier (C:\Users\Alina\.gradle\caches\7.0.2\md-supplier)" [_thread_blocked, id=6788, stack(0x0000005841b00000,0x0000005841c00000)]
  0x0000018711589800 JavaThread "Cache worker for cache directory md-rule (C:\Users\Alina\.gradle\caches\7.0.2\md-rule)" [_thread_blocked, id=596, stack(0x0000005842100000,0x0000005842200000)]
  0x000001871158a000 JavaThread "Cache worker for dependencies-accessors (C:\Users\Alina\AndroidStudioProjects\Dynamicwarehouse\.gradle\7.0.2\dependencies-accessors)" [_thread_blocked, id=10072, stack(0x0000005842200000,0x0000005842300000)]
  0x000001871158b000 JavaThread "Cache worker for Build Output Cleanup Cache (C:\Users\Alina\AndroidStudioProjects\Dynamicwarehouse\.gradle\buildOutputCleanup)" [_thread_blocked, id=3372, stack(0x0000005842500000,0x0000005842600000)]
  0x0000018711585800 JavaThread "Build operations" [_thread_blocked, id=3796, stack(0x0000005842600000,0x0000005842700000)]
  0x000001871158c000 JavaThread "Build operations Thread 2" [_thread_blocked, id=6040, stack(0x0000005842700000,0x0000005842800000)]
  0x0000018711586000 JavaThread "Build operations Thread 3" [_thread_blocked, id=8044, stack(0x0000005842c00000,0x0000005842d00000)]
  0x000001871158c800 JavaThread "Build operations Thread 4" [_thread_blocked, id=2172, stack(0x0000005842e00000,0x0000005842f00000)]
=>0x000001877faa9800 JavaThread "C2 CompilerThread1" daemon [_thread_in_native, id=5728, stack(0x0000005842f00000,0x0000005843000000)]
  0x0000018711587000 JavaThread "build event listener" [_thread_blocked, id=6364, stack(0x0000005843000000,0x0000005843100000)]
  0x000001871158e800 JavaThread "Execution worker for ':'" [_thread_blocked, id=6096, stack(0x0000005843100000,0x0000005843200000)]
  0x000001871158f000 JavaThread "Execution worker for ':' Thread 2" [_thread_blocked, id=9752, stack(0x0000005843200000,0x0000005843300000)]
  0x0000018711590000 JavaThread "Execution worker for ':' Thread 3" [_thread_blocked, id=1904, stack(0x0000005843500000,0x0000005843600000)]
  0x0000018711590800 JavaThread "Cache worker for execution history cache (C:\Users\Alina\AndroidStudioProjects\Dynamicwarehouse\.gradle\7.0.2\executionHistory)" [_thread_blocked, id=4884, stack(0x0000005843600000,0x0000005843700000)]

Other Threads:
  0x000001877c611800 VMThread "VM Thread" [stack: 0x0000005840600000,0x0000005840700000] [id=948]
  0x000001877d130000 WatcherThread [stack: 0x0000005841000000,0x0000005841100000] [id=1220]
  0x0000018771a6e800 GCTaskThread "GC Thread#0" [stack: 0x0000005840100000,0x0000005840200000] [id=8216]
  0x000001877dc6c000 GCTaskThread "GC Thread#1" [stack: 0x0000005841200000,0x0000005841300000] [id=1300]
  0x000001877f3e1000 GCTaskThread "GC Thread#2" [stack: 0x0000005841c00000,0x0000005841d00000] [id=1732]
  0x000001877f59b000 GCTaskThread "GC Thread#3" [stack: 0x0000005841d00000,0x0000005841e00000] [id=1736]
  0x0000018771aa2800 ConcurrentGCThread "G1 Main Marker" [stack: 0x0000005840200000,0x0000005840300000] [id=852]
  0x0000018771aa4000 ConcurrentGCThread "G1 Conc#0" [stack: 0x0000005840300000,0x0000005840400000] [id=872]
  0x0000018771b1d000 ConcurrentGCThread "G1 Refine#0" [stack: 0x0000005840400000,0x0000005840500000] [id=840]
  0x000001870fdf2000 ConcurrentGCThread "G1 Refine#1" [stack: 0x0000005844300000,0x0000005844400000] [id=4820]
  0x000001870fdf9000 ConcurrentGCThread "G1 Refine#2" [stack: 0x0000005844500000,0x0000005844600000] [id=592]
  0x000001870ff8b800 ConcurrentGCThread "G1 Refine#3" [stack: 0x0000005844600000,0x0000005844700000] [id=3892]
  0x0000018771b1e000 ConcurrentGCThread "G1 Young RemSet Sampling" [stack: 0x0000005840500000,0x0000005840600000] [id=944]

Threads with active compile tasks:
C2 CompilerThread02190801 23119       4       java.util.TimSort::sort (229 bytes)
C2 CompilerThread12190801 23110       4       org.gradle.api.internal.artifacts.ivyservice.resolveengine.graph.builder.DependencyGraphBuilder::resolveEdges (43 bytes)

VM state:not at safepoint (normal execution)

VM Mutex/Monitor currently owned by a thread: None

Heap address: 0x0000000080000000, size: 2048 MB, Compressed Oops mode: 32-bit
Narrow klass base: 0x0000000000000000, Narrow klass shift: 3
Compressed class space size: 1073741824 Address: 0x0000000100000000

Heap:
 garbage-first heap   total 296960K, used 169898K [0x0000000080000000, 0x0000000100000000)
  region size 1024K, 78 young (79872K), 6 survivors (6144K)
 Metaspace       used 116906K, capacity 120516K, committed 120984K, reserved 1155072K
  class space    used 14723K, capacity 16086K, committed 16280K, reserved 1048576K
Heap Regions: E=young(eden), S=young(survivor), O=old, HS=humongous(starts), HC=humongous(continues), CS=collection set, F=free, A=archive, TAMS=top-at-mark-start (previous, next)
|   0|0x0000000080000000, 0x0000000080100000, 0x0000000080100000|100%| O|  |TAMS 0x0000000080100000, 0x0000000080000000| Untracked 
|   1|0x0000000080100000, 0x0000000080200000, 0x0000000080200000|100%| O|  |TAMS 0x0000000080200000, 0x0000000080100000| Untracked 
|   2|0x0000000080200000, 0x0000000080300000, 0x0000000080300000|100%| O|  |TAMS 0x0000000080300000, 0x0000000080200000| Untracked 
|   3|0x0000000080300000, 0x0000000080400000, 0x0000000080400000|100%|HS|  |TAMS 0x0000000080400000, 0x0000000080300000| Complete 
|   4|0x0000000080400000, 0x0000000080500000, 0x0000000080500000|100%|HC|  |TAMS 0x0000000080500000, 0x0000000080400000| Complete 
|   5|0x0000000080500000, 0x0000000080600000, 0x0000000080600000|100%|HC|  |TAMS 0x0000000080600000, 0x0000000080500000| Complete 
|   6|0x0000000080600000, 0x0000000080700000, 0x0000000080700000|100%| O|  |TAMS 0x0000000080700000, 0x0000000080600000| Untracked 
|   7|0x0000000080700000, 0x0000000080800000, 0x0000000080800000|100%| O|  |TAMS 0x0000000080800000, 0x0000000080700000| Untracked 
|   8|0x0000000080800000, 0x0000000080900000, 0x0000000080900000|100%| O|  |TAMS 0x0000000080900000, 0x0000000080800000| Untracked 
|   9|0x0000000080900000, 0x0000000080a00000, 0x0000000080a00000|100%| O|  |TAMS 0x0000000080a00000, 0x0000000080900000| Untracked 
|  10|0x0000000080a00000, 0x0000000080b00000, 0x0000000080b00000|100%| O|  |TAMS 0x0000000080b00000, 0x0000000080a00000| Untracked 
|  11|0x0000000080b00000, 0x0000000080c00000, 0x0000000080c00000|100%| O|  |TAMS 0x0000000080c00000, 0x0000000080b00000| Untracked 
|  12|0x0000000080c00000, 0x0000000080d00000, 0x0000000080d00000|100%| O|  |TAMS 0x0000000080d00000, 0x0000000080c00000| Untracked 
|  13|0x0000000080d00000, 0x0000000080e00000, 0x0000000080e00000|100%| O|  |TAMS 0x0000000080e00000, 0x0000000080d00000| Untracked 
|  14|0x0000000080e00000, 0x0000000080f00000, 0x0000000080f00000|100%| O|  |TAMS 0x0000000080f00000, 0x0000000080e00000| Untracked 
|  15|0x0000000080f00000, 0x0000000081000000, 0x0000000081000000|100%| O|  |TAMS 0x0000000081000000, 0x0000000080f00000| Complete 
|  16|0x0000000081000000, 0x0000000081100000, 0x0000000081100000|100%| O|  |TAMS 0x0000000081100000, 0x0000000081000000| Complete 
|  17|0x0000000081100000, 0x0000000081200000, 0x0000000081200000|100%| O|  |TAMS 0x0000000081200000, 0x0000000081100000| Complete 
|  18|0x0000000081200000, 0x0000000081300000, 0x0000000081300000|100%| O|  |TAMS 0x0000000081300000, 0x0000000081200000| Complete 
|  19|0x0000000081300000, 0x0000000081400000, 0x0000000081400000|100%| O|  |TAMS 0x0000000081400000, 0x0000000081300000| Complete 
|  20|0x0000000081400000, 0x0000000081500000, 0x0000000081500000|100%| O|  |TAMS 0x0000000081500000, 0x0000000081400000| Untracked 
|  21|0x0000000081500000, 0x0000000081600000, 0x0000000081600000|100%| O|  |TAMS 0x0000000081600000, 0x0000000081500000| Complete 
|  22|0x0000000081600000, 0x0000000081700000, 0x0000000081700000|100%|HS|  |TAMS 0x0000000081700000, 0x0000000081600000| Complete 
|  23|0x0000000081700000, 0x0000000081800000, 0x0000000081800000|100%|HS|  |TAMS 0x0000000081800000, 0x0000000081700000| Complete 
|  24|0x0000000081800000, 0x0000000081900000, 0x0000000081900000|100%|HS|  |TAMS 0x0000000081900000, 0x0000000081800000| Complete 
|  25|0x0000000081900000, 0x0000000081a00000, 0x0000000081a00000|100%|HC|  |TAMS 0x0000000081a00000, 0x0000000081900000| Complete 
|  26|0x0000000081a00000, 0x0000000081b00000, 0x0000000081b00000|100%| O|  |TAMS 0x0000000081b00000, 0x0000000081a00000| Untracked 
|  27|0x0000000081b00000, 0x0000000081c00000, 0x0000000081c00000|100%| O|  |TAMS 0x0000000081c00000, 0x0000000081b00000| Untracked 
|  28|0x0000000081c00000, 0x0000000081d00000, 0x0000000081d00000|100%| O|  |TAMS 0x0000000081d00000, 0x0000000081c00000| Untracked 
|  29|0x0000000081d00000, 0x0000000081e00000, 0x0000000081e00000|100%| O|  |TAMS 0x0000000081e00000, 0x0000000081d00000| Complete 
|  30|0x0000000081e00000, 0x0000000081f00000, 0x0000000081f00000|100%| O|  |TAMS 0x0000000081f00000, 0x0000000081e00000| Untracked 
|  31|0x0000000081f00000, 0x0000000082000000, 0x0000000082000000|100%| O|  |TAMS 0x0000000082000000, 0x0000000081f00000| Untracked 
|  32|0x0000000082000000, 0x0000000082100000, 0x0000000082100000|100%| O|  |TAMS 0x0000000082100000, 0x0000000082000000| Untracked 
|  33|0x0000000082100000, 0x0000000082200000, 0x0000000082200000|100%| O|  |TAMS 0x0000000082200000, 0x0000000082100000| Untracked 
|  34|0x0000000082200000, 0x0000000082300000, 0x0000000082300000|100%| O|  |TAMS 0x0000000082300000, 0x0000000082200000| Complete 
|  35|0x0000000082300000, 0x0000000082400000, 0x0000000082400000|100%| O|  |TAMS 0x0000000082400000, 0x0000000082300000| Untracked 
|  36|0x0000000082400000, 0x0000000082500000, 0x0000000082500000|100%| O|  |TAMS 0x0000000082500000, 0x0000000082400000| Complete 
|  37|0x0000000082500000, 0x0000000082600000, 0x0000000082600000|100%| O|  |TAMS 0x0000000082600000, 0x0000000082500000| Complete 
|  38|0x0000000082600000, 0x0000000082700000, 0x0000000082700000|100%| O|  |TAMS 0x0000000082700000, 0x0000000082600000| Complete 
|  39|0x0000000082700000, 0x0000000082800000, 0x0000000082800000|100%| O|  |TAMS 0x0000000082800000, 0x0000000082700000| Complete 
|  40|0x0000000082800000, 0x0000000082900000, 0x0000000082900000|100%| O|  |TAMS 0x0000000082900000, 0x0000000082800000| Complete 
|  41|0x0000000082900000, 0x0000000082a00000, 0x0000000082a00000|100%| O|  |TAMS 0x0000000082a00000, 0x0000000082900000| Complete 
|  42|0x0000000082a00000, 0x0000000082b00000, 0x0000000082b00000|100%| O|  |TAMS 0x0000000082b00000, 0x0000000082a00000| Complete 
|  43|0x0000000082b00000, 0x0000000082c00000, 0x0000000082c00000|100%| O|  |TAMS 0x0000000082c00000, 0x0000000082b00000| Complete 
|  44|0x0000000082c00000, 0x0000000082d00000, 0x0000000082d00000|100%| O|  |TAMS 0x0000000082d00000, 0x0000000082c00000| Complete 
|  45|0x0000000082d00000, 0x0000000082e00000, 0x0000000082e00000|100%| O|  |TAMS 0x0000000082e00000, 0x0000000082d00000| Complete 
|  46|0x0000000082e00000, 0x0000000082f00000, 0x0000000082f00000|100%| O|  |TAMS 0x0000000082f00000, 0x0000000082e00000| Complete 
|  47|0x0000000082f00000, 0x0000000083000000, 0x0000000083000000|100%| O|  |TAMS 0x0000000083000000, 0x0000000082f00000| Complete 
|  48|0x0000000083000000, 0x0000000083100000, 0x0000000083100000|100%| O|  |TAMS 0x0000000083100000, 0x0000000083000000| Complete 
|  49|0x0000000083100000, 0x0000000083100000, 0x0000000083200000|  0%| F|  |TAMS 0x0000000083100000, 0x0000000083100000| Untracked 
|  50|0x0000000083200000, 0x0000000083300000, 0x0000000083300000|100%| O|  |TAMS 0x0000000083300000, 0x0000000083200000| Complete 
|  51|0x0000000083300000, 0x0000000083400000, 0x0000000083400000|100%| O|  |TAMS 0x0000000083400000, 0x0000000083300000| Complete 
|  52|0x0000000083400000, 0x0000000083500000, 0x0000000083500000|100%| O|  |TAMS 0x0000000083500000, 0x0000000083400000| Complete 
|  53|0x0000000083500000, 0x0000000083600000, 0x0000000083600000|100%| O|  |TAMS 0x0000000083600000, 0x0000000083500000| Complete 
|  54|0x0000000083600000, 0x0000000083700000, 0x0000000083700000|100%| O|  |TAMS 0x0000000083700000, 0x0000000083600000| Complete 
|  55|0x0000000083700000, 0x0000000083700000, 0x0000000083800000|  0%| F|  |TAMS 0x0000000083700000, 0x0000000083700000| Untracked 
|  56|0x0000000083800000, 0x0000000083900000, 0x0000000083900000|100%| O|  |TAMS 0x0000000083900000, 0x0000000083800000| Complete 
|  57|0x0000000083900000, 0x0000000083a00000, 0x0000000083a00000|100%| O|  |TAMS 0x0000000083a00000, 0x0000000083900000| Complete 
|  58|0x0000000083a00000, 0x0000000083b00000, 0x0000000083b00000|100%| O|  |TAMS 0x0000000083b00000, 0x0000000083a00000| Untracked 
|  59|0x0000000083b00000, 0x0000000083c00000, 0x0000000083c00000|100%| O|  |TAMS 0x0000000083c00000, 0x0000000083b00000| Untracked 
|  60|0x0000000083c00000, 0x0000000083d00000, 0x0000000083d00000|100%| O|  |TAMS 0x0000000083d00000, 0x0000000083c00000| Untracked 
|  61|0x0000000083d00000, 0x0000000083d00000, 0x0000000083e00000|  0%| F|  |TAMS 0x0000000083d00000, 0x0000000083d00000| Untracked 
|  62|0x0000000083e00000, 0x0000000083f00000, 0x0000000083f00000|100%| O|  |TAMS 0x0000000083f00000, 0x0000000083e00000| Complete 
|  63|0x0000000083f00000, 0x0000000083fa0c00, 0x0000000084000000| 62%| O|  |TAMS 0x0000000083fa0c00, 0x0000000083f00000| Untracked 
|  64|0x0000000084000000, 0x0000000084100000, 0x0000000084100000|100%| O|  |TAMS 0x0000000084100000, 0x0000000084000000| Untracked 
|  65|0x0000000084100000, 0x0000000084100000, 0x0000000084200000|  0%| F|  |TAMS 0x0000000084100000, 0x0000000084100000| Untracked 
|  66|0x0000000084200000, 0x0000000084300000, 0x0000000084300000|100%| O|  |TAMS 0x0000000084300000, 0x0000000084200000| Complete 
|  67|0x0000000084300000, 0x0000000084400000, 0x0000000084400000|100%| O|  |TAMS 0x0000000084400000, 0x0000000084300000| Untracked 
|  68|0x0000000084400000, 0x0000000084500000, 0x0000000084500000|100%| O|  |TAMS 0x0000000084500000, 0x0000000084400000| Untracked 
|  69|0x0000000084500000, 0x0000000084600000, 0x0000000084600000|100%| O|  |TAMS 0x0000000084600000, 0x0000000084500000| Complete 
|  70|0x0000000084600000, 0x0000000084700000, 0x0000000084700000|100%| O|  |TAMS 0x0000000084700000, 0x0000000084600000| Complete 
|  71|0x0000000084700000, 0x0000000084700000, 0x0000000084800000|  0%| F|  |TAMS 0x0000000084700000, 0x0000000084700000| Untracked 
|  72|0x0000000084800000, 0x0000000084900000, 0x0000000084900000|100%| O|  |TAMS 0x0000000084900000, 0x0000000084800000| Complete 
|  73|0x0000000084900000, 0x0000000084900000, 0x0000000084a00000|  0%| F|  |TAMS 0x0000000084900000, 0x0000000084900000| Untracked 
|  74|0x0000000084a00000, 0x0000000084b00000, 0x0000000084b00000|100%| O|  |TAMS 0x0000000084b00000, 0x0000000084a00000| Complete 
|  75|0x0000000084b00000, 0x0000000084b00000, 0x0000000084c00000|  0%| F|  |TAMS 0x0000000084b00000, 0x0000000084b00000| Untracked 
|  76|0x0000000084c00000, 0x0000000084d00000, 0x0000000084d00000|100%| O|  |TAMS 0x0000000084d00000, 0x0000000084c00000| Complete 
|  77|0x0000000084d00000, 0x0000000084e00000, 0x0000000084e00000|100%| O|  |TAMS 0x0000000084e00000, 0x0000000084d00000| Complete 
|  78|0x0000000084e00000, 0x0000000084f00000, 0x0000000084f00000|100%| O|  |TAMS 0x0000000084f00000, 0x0000000084e00000| Complete 
|  79|0x0000000084f00000, 0x0000000085000000, 0x0000000085000000|100%| O|  |TAMS 0x0000000085000000, 0x0000000084f00000| Complete 
|  80|0x0000000085000000, 0x0000000085100000, 0x0000000085100000|100%| O|  |TAMS 0x0000000085100000, 0x0000000085000000| Complete 
|  81|0x0000000085100000, 0x0000000085200000, 0x0000000085200000|100%| O|  |TAMS 0x0000000085200000, 0x0000000085100000| Complete 
|  82|0x0000000085200000, 0x0000000085300000, 0x0000000085300000|100%|HS|  |TAMS 0x0000000085200000, 0x0000000085200000| Complete 
|  83|0x0000000085300000, 0x0000000085400000, 0x0000000085400000|100%|HC|  |TAMS 0x0000000085300000, 0x0000000085300000| Complete 
|  84|0x0000000085400000, 0x0000000085400000, 0x0000000085500000|  0%| F|  |TAMS 0x0000000085400000, 0x0000000085400000| Untracked 
|  85|0x0000000085500000, 0x0000000085500000, 0x0000000085600000|  0%| F|  |TAMS 0x0000000085500000, 0x0000000085500000| Untracked 
|  86|0x0000000085600000, 0x0000000085600000, 0x0000000085700000|  0%| F|  |TAMS 0x0000000085600000, 0x0000000085600000| Untracked 
|  87|0x0000000085700000, 0x0000000085700000, 0x0000000085800000|  0%| F|  |TAMS 0x0000000085700000, 0x0000000085700000| Untracked 
|  88|0x0000000085800000, 0x0000000085800000, 0x0000000085900000|  0%| F|  |TAMS 0x0000000085800000, 0x0000000085800000| Untracked 
|  89|0x0000000085900000, 0x0000000085900000, 0x0000000085a00000|  0%| F|  |TAMS 0x0000000085900000, 0x0000000085900000| Untracked 
|  90|0x0000000085a00000, 0x0000000085a00000, 0x0000000085b00000|  0%| F|  |TAMS 0x0000000085a00000, 0x0000000085a00000| Untracked 
|  91|0x0000000085b00000, 0x0000000085c00000, 0x0000000085c00000|100%| O|  |TAMS 0x0000000085c00000, 0x0000000085b00000| Complete 
|  92|0x0000000085c00000, 0x0000000085d00000, 0x0000000085d00000|100%| O|  |TAMS 0x0000000085d00000, 0x0000000085c00000| Complete 
|  93|0x0000000085d00000, 0x0000000085d00000, 0x0000000085e00000|  0%| F|  |TAMS 0x0000000085d00000, 0x0000000085d00000| Untracked 
|  94|0x0000000085e00000, 0x0000000085e00000, 0x0000000085f00000|  0%| F|  |TAMS 0x0000000085e00000, 0x0000000085e00000| Untracked 
|  95|0x0000000085f00000, 0x0000000086000000, 0x0000000086000000|100%| O|  |TAMS 0x0000000086000000, 0x0000000085f00000| Complete 
|  96|0x0000000086000000, 0x0000000086100000, 0x0000000086100000|100%| O|  |TAMS 0x0000000086100000, 0x0000000086000000| Complete 
|  97|0x0000000086100000, 0x0000000086100000, 0x0000000086200000|  0%| F|  |TAMS 0x0000000086100000, 0x0000000086100000| Untracked 
|  98|0x0000000086200000, 0x0000000086200000, 0x0000000086300000|  0%| F|  |TAMS 0x0000000086200000, 0x0000000086200000| Untracked 
|  99|0x0000000086300000, 0x0000000086300000, 0x0000000086400000|  0%| F|  |TAMS 0x0000000086300000, 0x0000000086300000| Untracked 
| 100|0x0000000086400000, 0x0000000086400000, 0x0000000086500000|  0%| F|  |TAMS 0x0000000086400000, 0x0000000086400000| Untracked 
| 101|0x0000000086500000, 0x0000000086500000, 0x0000000086600000|  0%| F|  |TAMS 0x0000000086500000, 0x0000000086500000| Untracked 
| 102|0x0000000086600000, 0x0000000086600000, 0x0000000086700000|  0%| F|  |TAMS 0x0000000086600000, 0x0000000086600000| Untracked 
| 103|0x0000000086700000, 0x0000000086700000, 0x0000000086800000|  0%| F|  |TAMS 0x0000000086700000, 0x0000000086700000| Untracked 
| 104|0x0000000086800000, 0x0000000086800000, 0x0000000086900000|  0%| F|  |TAMS 0x0000000086800000, 0x0000000086800000| Untracked 
| 105|0x0000000086900000, 0x0000000086a00000, 0x0000000086a00000|100%| O|  |TAMS 0x0000000086a00000, 0x0000000086900000| Complete 
| 106|0x0000000086a00000, 0x0000000086a00000, 0x0000000086b00000|  0%| F|  |TAMS 0x0000000086a00000, 0x0000000086a00000| Untracked 
| 107|0x0000000086b00000, 0x0000000086b00000, 0x0000000086c00000|  0%| F|  |TAMS 0x0000000086b00000, 0x0000000086b00000| Untracked 
| 108|0x0000000086c00000, 0x0000000086c00000, 0x0000000086d00000|  0%| F|  |TAMS 0x0000000086c00000, 0x0000000086c00000| Untracked 
| 109|0x0000000086d00000, 0x0000000086d00000, 0x0000000086e00000|  0%| F|  |TAMS 0x0000000086d00000, 0x0000000086d00000| Untracked 
| 110|0x0000000086e00000, 0x0000000086e00000, 0x0000000086f00000|  0%| F|  |TAMS 0x0000000086e00000, 0x0000000086e00000| Untracked 
| 111|0x0000000086f00000, 0x0000000086f00000, 0x0000000087000000|  0%| F|  |TAMS 0x0000000086f00000, 0x0000000086f00000| Untracked 
| 112|0x0000000087000000, 0x0000000087000000, 0x0000000087100000|  0%| F|  |TAMS 0x0000000087000000, 0x0000000087000000| Untracked 
| 113|0x0000000087100000, 0x0000000087100000, 0x0000000087200000|  0%| F|  |TAMS 0x0000000087100000, 0x0000000087100000| Untracked 
| 114|0x0000000087200000, 0x0000000087200000, 0x0000000087300000|  0%| F|  |TAMS 0x0000000087200000, 0x0000000087200000| Untracked 
| 115|0x0000000087300000, 0x0000000087300000, 0x0000000087400000|  0%| F|  |TAMS 0x0000000087300000, 0x0000000087300000| Untracked 
| 116|0x0000000087400000, 0x0000000087400000, 0x0000000087500000|  0%| F|  |TAMS 0x0000000087400000, 0x0000000087400000| Untracked 
| 117|0x0000000087500000, 0x0000000087500000, 0x0000000087600000|  0%| F|  |TAMS 0x0000000087500000, 0x0000000087500000| Untracked 
| 118|0x0000000087600000, 0x0000000087600000, 0x0000000087700000|  0%| F|  |TAMS 0x0000000087600000, 0x0000000087600000| Untracked 
| 119|0x0000000087700000, 0x0000000087700000, 0x0000000087800000|  0%| F|  |TAMS 0x0000000087700000, 0x0000000087700000| Untracked 
| 120|0x0000000087800000, 0x0000000087800000, 0x0000000087900000|  0%| F|  |TAMS 0x0000000087800000, 0x0000000087800000| Untracked 
| 121|0x0000000087900000, 0x0000000087900000, 0x0000000087a00000|  0%| F|  |TAMS 0x0000000087900000, 0x0000000087900000| Untracked 
| 122|0x0000000087a00000, 0x0000000087a00000, 0x0000000087b00000|  0%| F|  |TAMS 0x0000000087a00000, 0x0000000087a00000| Untracked 
| 123|0x0000000087b00000, 0x0000000087b00000, 0x0000000087c00000|  0%| F|  |TAMS 0x0000000087b00000, 0x0000000087b00000| Untracked 
| 124|0x0000000087c00000, 0x0000000087c00000, 0x0000000087d00000|  0%| F|  |TAMS 0x0000000087c00000, 0x0000000087c00000| Untracked 
| 125|0x0000000087d00000, 0x0000000087d00000, 0x0000000087e00000|  0%| F|  |TAMS 0x0000000087d00000, 0x0000000087d00000| Untracked 
| 126|0x0000000087e00000, 0x0000000087e00000, 0x0000000087f00000|  0%| F|  |TAMS 0x0000000087e00000, 0x0000000087e00000| Untracked 
| 127|0x0000000087f00000, 0x0000000088000000, 0x0000000088000000|100%| O|  |TAMS 0x0000000088000000, 0x0000000087f00000| Complete 
| 128|0x0000000088000000, 0x0000000088000000, 0x0000000088100000|  0%| F|  |TAMS 0x0000000088000000, 0x0000000088000000| Untracked 
| 129|0x0000000088100000, 0x0000000088200000, 0x0000000088200000|100%| O|  |TAMS 0x0000000088200000, 0x0000000088100000| Complete 
| 130|0x0000000088200000, 0x0000000088200000, 0x0000000088300000|  0%| F|  |TAMS 0x0000000088200000, 0x0000000088200000| Untracked 
| 131|0x0000000088300000, 0x0000000088300000, 0x0000000088400000|  0%| F|  |TAMS 0x0000000088300000, 0x0000000088300000| Untracked 
| 132|0x0000000088400000, 0x0000000088400000, 0x0000000088500000|  0%| F|  |TAMS 0x0000000088400000, 0x0000000088400000| Untracked 
| 133|0x0000000088500000, 0x0000000088500000, 0x0000000088600000|  0%| F|  |TAMS 0x0000000088500000, 0x0000000088500000| Untracked 
| 134|0x0000000088600000, 0x0000000088600000, 0x0000000088700000|  0%| F|  |TAMS 0x0000000088600000, 0x0000000088600000| Untracked 
| 135|0x0000000088700000, 0x0000000088700000, 0x0000000088800000|  0%| F|  |TAMS 0x0000000088700000, 0x0000000088700000| Untracked 
| 136|0x0000000088800000, 0x0000000088800000, 0x0000000088900000|  0%| F|  |TAMS 0x0000000088800000, 0x0000000088800000| Untracked 
| 137|0x0000000088900000, 0x0000000088900000, 0x0000000088a00000|  0%| F|  |TAMS 0x0000000088900000, 0x0000000088900000| Untracked 
| 138|0x0000000088a00000, 0x0000000088a00000, 0x0000000088b00000|  0%| F|  |TAMS 0x0000000088a00000, 0x0000000088a00000| Untracked 
| 139|0x0000000088b00000, 0x0000000088c00000, 0x0000000088c00000|100%| O|  |TAMS 0x0000000088c00000, 0x0000000088b00000| Complete 
| 140|0x0000000088c00000, 0x0000000088c00000, 0x0000000088d00000|  0%| F|  |TAMS 0x0000000088c00000, 0x0000000088c00000| Untracked 
| 141|0x0000000088d00000, 0x0000000088d00000, 0x0000000088e00000|  0%| F|  |TAMS 0x0000000088d00000, 0x0000000088d00000| Untracked 
| 142|0x0000000088e00000, 0x0000000088f00000, 0x0000000088f00000|100%| O|  |TAMS 0x0000000088f00000, 0x0000000088e00000| Complete 
| 143|0x0000000088f00000, 0x0000000088f00000, 0x0000000089000000|  0%| F|  |TAMS 0x0000000088f00000, 0x0000000088f00000| Untracked 
| 144|0x0000000089000000, 0x0000000089000000, 0x0000000089100000|  0%| F|  |TAMS 0x0000000089000000, 0x0000000089000000| Untracked 
| 145|0x0000000089100000, 0x0000000089100000, 0x0000000089200000|  0%| F|  |TAMS 0x0000000089100000, 0x0000000089100000| Untracked 
| 146|0x0000000089200000, 0x0000000089200000, 0x0000000089300000|  0%| F|  |TAMS 0x0000000089200000, 0x0000000089200000| Untracked 
| 147|0x0000000089300000, 0x0000000089300000, 0x0000000089400000|  0%| F|  |TAMS 0x0000000089300000, 0x0000000089300000| Untracked 
| 148|0x0000000089400000, 0x0000000089400000, 0x0000000089500000|  0%| F|  |TAMS 0x0000000089400000, 0x0000000089400000| Untracked 
| 149|0x0000000089500000, 0x0000000089500000, 0x0000000089600000|  0%| F|  |TAMS 0x0000000089500000, 0x0000000089500000| Untracked 
| 150|0x0000000089600000, 0x0000000089600000, 0x0000000089700000|  0%| F|  |TAMS 0x0000000089600000, 0x0000000089600000| Untracked 
| 151|0x0000000089700000, 0x0000000089700000, 0x0000000089800000|  0%| F|  |TAMS 0x0000000089700000, 0x0000000089700000| Untracked 
| 152|0x0000000089800000, 0x0000000089800000, 0x0000000089900000|  0%| F|  |TAMS 0x0000000089800000, 0x0000000089800000| Untracked 
| 153|0x0000000089900000, 0x0000000089900000, 0x0000000089a00000|  0%| F|  |TAMS 0x0000000089900000, 0x0000000089900000| Untracked 
| 154|0x0000000089a00000, 0x0000000089a00000, 0x0000000089b00000|  0%| F|  |TAMS 0x0000000089a00000, 0x0000000089a00000| Untracked 
| 155|0x0000000089b00000, 0x0000000089c00000, 0x0000000089c00000|100%| O|  |TAMS 0x0000000089c00000, 0x0000000089b00000| Untracked 
| 156|0x0000000089c00000, 0x0000000089c00000, 0x0000000089d00000|  0%| F|  |TAMS 0x0000000089c00000, 0x0000000089c00000| Untracked 
| 157|0x0000000089d00000, 0x0000000089d00000, 0x0000000089e00000|  0%| F|  |TAMS 0x0000000089d00000, 0x0000000089d00000| Untracked 
| 158|0x0000000089e00000, 0x0000000089e00000, 0x0000000089f00000|  0%| F|  |TAMS 0x0000000089e00000, 0x0000000089e00000| Untracked 
| 159|0x0000000089f00000, 0x0000000089f00000, 0x000000008a000000|  0%| F|  |TAMS 0x0000000089f00000, 0x0000000089f00000| Untracked 
| 160|0x000000008a000000, 0x000000008a000000, 0x000000008a100000|  0%| F|  |TAMS 0x000000008a000000, 0x000000008a000000| Untracked 
| 161|0x000000008a100000, 0x000000008a100000, 0x000000008a200000|  0%| F|  |TAMS 0x000000008a100000, 0x000000008a100000| Untracked 
| 162|0x000000008a200000, 0x000000008a200000, 0x000000008a300000|  0%| F|  |TAMS 0x000000008a200000, 0x000000008a200000| Untracked 
| 163|0x000000008a300000, 0x000000008a300000, 0x000000008a400000|  0%| F|  |TAMS 0x000000008a300000, 0x000000008a300000| Untracked 
| 164|0x000000008a400000, 0x000000008a500000, 0x000000008a500000|100%| O|  |TAMS 0x000000008a500000, 0x000000008a400000| Complete 
| 165|0x000000008a500000, 0x000000008a500000, 0x000000008a600000|  0%| F|  |TAMS 0x000000008a500000, 0x000000008a500000| Untracked 
| 166|0x000000008a600000, 0x000000008a600000, 0x000000008a700000|  0%| F|  |TAMS 0x000000008a600000, 0x000000008a600000| Untracked 
| 167|0x000000008a700000, 0x000000008a700000, 0x000000008a800000|  0%| F|  |TAMS 0x000000008a700000, 0x000000008a700000| Untracked 
| 168|0x000000008a800000, 0x000000008a800000, 0x000000008a900000|  0%| F|  |TAMS 0x000000008a800000, 0x000000008a800000| Untracked 
| 169|0x000000008a900000, 0x000000008a900000, 0x000000008aa00000|  0%| F|  |TAMS 0x000000008a900000, 0x000000008a900000| Untracked 
| 170|0x000000008aa00000, 0x000000008aa00000, 0x000000008ab00000|  0%| F|  |TAMS 0x000000008aa00000, 0x000000008aa00000| Untracked 
| 171|0x000000008ab00000, 0x000000008ab00000, 0x000000008ac00000|  0%| F|  |TAMS 0x000000008ab00000, 0x000000008ab00000| Untracked 
| 172|0x000000008ac00000, 0x000000008ac00000, 0x000000008ad00000|  0%| F|  |TAMS 0x000000008ac00000, 0x000000008ac00000| Untracked 
| 173|0x000000008ad00000, 0x000000008ad00000, 0x000000008ae00000|  0%| F|  |TAMS 0x000000008ad00000, 0x000000008ad00000| Untracked 
| 174|0x000000008ae00000, 0x000000008ae00000, 0x000000008af00000|  0%| F|  |TAMS 0x000000008ae00000, 0x000000008ae00000| Untracked 
| 175|0x000000008af00000, 0x000000008af00000, 0x000000008b000000|  0%| F|  |TAMS 0x000000008af00000, 0x000000008af00000| Untracked 
| 176|0x000000008b000000, 0x000000008b000000, 0x000000008b100000|  0%| F|  |TAMS 0x000000008b000000, 0x000000008b000000| Untracked 
| 177|0x000000008b100000, 0x000000008b200000, 0x000000008b200000|100%| O|  |TAMS 0x000000008b200000, 0x000000008b100000| Complete 
| 178|0x000000008b200000, 0x000000008b300000, 0x000000008b300000|100%| O|  |TAMS 0x000000008b300000, 0x000000008b200000| Complete 
| 179|0x000000008b300000, 0x000000008b300000, 0x000000008b400000|  0%| F|  |TAMS 0x000000008b300000, 0x000000008b300000| Untracked 
| 180|0x000000008b400000, 0x000000008b400000, 0x000000008b500000|  0%| F|  |TAMS 0x000000008b400000, 0x000000008b400000| Untracked 
| 181|0x000000008b500000, 0x000000008b500000, 0x000000008b600000|  0%| F|  |TAMS 0x000000008b500000, 0x000000008b500000| Untracked 
| 182|0x000000008b600000, 0x000000008b600000, 0x000000008b700000|  0%| F|  |TAMS 0x000000008b600000, 0x000000008b600000| Untracked 
| 183|0x000000008b700000, 0x000000008b700000, 0x000000008b800000|  0%| F|  |TAMS 0x000000008b700000, 0x000000008b700000| Untracked 
| 184|0x000000008b800000, 0x000000008b800000, 0x000000008b900000|  0%| F|  |TAMS 0x000000008b800000, 0x000000008b800000| Untracked 
| 185|0x000000008b900000, 0x000000008b900000, 0x000000008ba00000|  0%| F|  |TAMS 0x000000008b900000, 0x000000008b900000| Untracked 
| 186|0x000000008ba00000, 0x000000008ba00000, 0x000000008bb00000|  0%| F|  |TAMS 0x000000008ba00000, 0x000000008ba00000| Untracked 
| 187|0x000000008bb00000, 0x000000008bb00000, 0x000000008bc00000|  0%| F|  |TAMS 0x000000008bb00000, 0x000000008bb00000| Untracked 
| 188|0x000000008bc00000, 0x000000008bc00000, 0x000000008bd00000|  0%| F|  |TAMS 0x000000008bc00000, 0x000000008bc00000| Untracked 
| 189|0x000000008bd00000, 0x000000008bd00000, 0x000000008be00000|  0%| F|  |TAMS 0x000000008bd00000, 0x000000008bd00000| Untracked 
| 190|0x000000008be00000, 0x000000008be00000, 0x000000008bf00000|  0%| F|  |TAMS 0x000000008be00000, 0x000000008be00000| Untracked 
| 191|0x000000008bf00000, 0x000000008bf00000, 0x000000008c000000|  0%| F|  |TAMS 0x000000008bf00000, 0x000000008bf00000| Untracked 
| 192|0x000000008c000000, 0x000000008c000000, 0x000000008c100000|  0%| F|  |TAMS 0x000000008c000000, 0x000000008c000000| Untracked 
| 193|0x000000008c100000, 0x000000008c100000, 0x000000008c200000|  0%| F|  |TAMS 0x000000008c100000, 0x000000008c100000| Untracked 
| 194|0x000000008c200000, 0x000000008c200000, 0x000000008c300000|  0%| F|  |TAMS 0x000000008c200000, 0x000000008c200000| Untracked 
| 195|0x000000008c300000, 0x000000008c300000, 0x000000008c400000|  0%| F|  |TAMS 0x000000008c300000, 0x000000008c300000| Untracked 
| 196|0x000000008c400000, 0x000000008c400000, 0x000000008c500000|  0%| F|  |TAMS 0x000000008c400000, 0x000000008c400000| Untracked 
| 197|0x000000008c500000, 0x000000008c500000, 0x000000008c600000|  0%| F|  |TAMS 0x000000008c500000, 0x000000008c500000| Untracked 
| 198|0x000000008c600000, 0x000000008c600000, 0x000000008c700000|  0%| F|  |TAMS 0x000000008c600000, 0x000000008c600000| Untracked 
| 199|0x000000008c700000, 0x000000008c700000, 0x000000008c800000|  0%| F|  |TAMS 0x000000008c700000, 0x000000008c700000| Untracked 
| 200|0x000000008c800000, 0x000000008c800000, 0x000000008c900000|  0%| F|  |TAMS 0x000000008c800000, 0x000000008c800000| Untracked 
| 201|0x000000008c900000, 0x000000008ca00000, 0x000000008ca00000|100%| O|  |TAMS 0x000000008ca00000, 0x000000008c900000| Complete 
| 202|0x000000008ca00000, 0x000000008ca00000, 0x000000008cb00000|  0%| F|  |TAMS 0x000000008ca00000, 0x000000008ca00000| Untracked 
| 203|0x000000008cb00000, 0x000000008cb00000, 0x000000008cc00000|  0%| F|  |TAMS 0x000000008cb00000, 0x000000008cb00000| Untracked 
| 204|0x000000008cc00000, 0x000000008cc00000, 0x000000008cd00000|  0%| F|  |TAMS 0x000000008cc00000, 0x000000008cc00000| Untracked 
| 205|0x000000008cd00000, 0x000000008cd00000, 0x000000008ce00000|  0%| F|  |TAMS 0x000000008cd00000, 0x000000008cd00000| Untracked 
| 206|0x000000008ce00000, 0x000000008ce00000, 0x000000008cf00000|  0%| F|  |TAMS 0x000000008ce00000, 0x000000008ce00000| Untracked 
| 207|0x000000008cf00000, 0x000000008cf00000, 0x000000008d000000|  0%| F|  |TAMS 0x000000008cf00000, 0x000000008cf00000| Untracked 
| 208|0x000000008d000000, 0x000000008d000000, 0x000000008d100000|  0%| F|  |TAMS 0x000000008d000000, 0x000000008d000000| Untracked 
| 209|0x000000008d100000, 0x000000008d100000, 0x000000008d200000|  0%| F|  |TAMS 0x000000008d100000, 0x000000008d100000| Untracked 
| 210|0x000000008d200000, 0x000000008d200000, 0x000000008d300000|  0%| F|  |TAMS 0x000000008d200000, 0x000000008d200000| Untracked 
| 211|0x000000008d300000, 0x000000008d347f88, 0x000000008d400000| 28%| E|  |TAMS 0x000000008d300000, 0x000000008d300000| Complete 
| 212|0x000000008d400000, 0x000000008d500000, 0x000000008d500000|100%| E|CS|TAMS 0x000000008d400000, 0x000000008d400000| Complete 
| 213|0x000000008d500000, 0x000000008d600000, 0x000000008d600000|100%| E|CS|TAMS 0x000000008d500000, 0x000000008d500000| Complete 
| 214|0x000000008d600000, 0x000000008d700000, 0x000000008d700000|100%| E|CS|TAMS 0x000000008d600000, 0x000000008d600000| Complete 
| 215|0x000000008d700000, 0x000000008d800000, 0x000000008d800000|100%| E|CS|TAMS 0x000000008d700000, 0x000000008d700000| Complete 
| 216|0x000000008d800000, 0x000000008d900000, 0x000000008d900000|100%| E|CS|TAMS 0x000000008d800000, 0x000000008d800000| Complete 
| 217|0x000000008d900000, 0x000000008da00000, 0x000000008da00000|100%| E|CS|TAMS 0x000000008d900000, 0x000000008d900000| Complete 
| 218|0x000000008da00000, 0x000000008db00000, 0x000000008db00000|100%| E|CS|TAMS 0x000000008da00000, 0x000000008da00000| Complete 
| 219|0x000000008db00000, 0x000000008dc00000, 0x000000008dc00000|100%| E|CS|TAMS 0x000000008db00000, 0x000000008db00000| Complete 
| 220|0x000000008dc00000, 0x000000008dd00000, 0x000000008dd00000|100%| E|CS|TAMS 0x000000008dc00000, 0x000000008dc00000| Complete 
| 221|0x000000008dd00000, 0x000000008de00000, 0x000000008de00000|100%| E|CS|TAMS 0x000000008dd00000, 0x000000008dd00000| Complete 
| 222|0x000000008de00000, 0x000000008df00000, 0x000000008df00000|100%| E|CS|TAMS 0x000000008de00000, 0x000000008de00000| Complete 
| 223|0x000000008df00000, 0x000000008e000000, 0x000000008e000000|100%| E|CS|TAMS 0x000000008df00000, 0x000000008df00000| Complete 
| 224|0x000000008e000000, 0x000000008e100000, 0x000000008e100000|100%| E|CS|TAMS 0x000000008e000000, 0x000000008e000000| Complete 
| 225|0x000000008e100000, 0x000000008e149cd0, 0x000000008e200000| 28%| S|CS|TAMS 0x000000008e100000, 0x000000008e100000| Complete 
| 226|0x000000008e200000, 0x000000008e300000, 0x000000008e300000|100%| S|CS|TAMS 0x000000008e200000, 0x000000008e200000| Complete 
| 227|0x000000008e300000, 0x000000008e400000, 0x000000008e400000|100%| S|CS|TAMS 0x000000008e300000, 0x000000008e300000| Complete 
| 228|0x000000008e400000, 0x000000008e500000, 0x000000008e500000|100%| S|CS|TAMS 0x000000008e400000, 0x000000008e400000| Complete 
| 229|0x000000008e500000, 0x000000008e600000, 0x000000008e600000|100%| S|CS|TAMS 0x000000008e500000, 0x000000008e500000| Complete 
| 230|0x000000008e600000, 0x000000008e700000, 0x000000008e700000|100%| S|CS|TAMS 0x000000008e600000, 0x000000008e600000| Complete 
| 231|0x000000008e700000, 0x000000008e800000, 0x000000008e800000|100%| E|CS|TAMS 0x000000008e700000, 0x000000008e700000| Complete 
| 232|0x000000008e800000, 0x000000008e900000, 0x000000008e900000|100%| E|CS|TAMS 0x000000008e800000, 0x000000008e800000| Complete 
| 233|0x000000008e900000, 0x000000008ea00000, 0x000000008ea00000|100%| E|CS|TAMS 0x000000008e900000, 0x000000008e900000| Complete 
| 234|0x000000008ea00000, 0x000000008eb00000, 0x000000008eb00000|100%| E|CS|TAMS 0x000000008ea00000, 0x000000008ea00000| Complete 
| 235|0x000000008eb00000, 0x000000008ec00000, 0x000000008ec00000|100%| E|CS|TAMS 0x000000008eb00000, 0x000000008eb00000| Complete 
| 236|0x000000008ec00000, 0x000000008ed00000, 0x000000008ed00000|100%| E|CS|TAMS 0x000000008ec00000, 0x000000008ec00000| Complete 
| 237|0x000000008ed00000, 0x000000008ee00000, 0x000000008ee00000|100%| E|CS|TAMS 0x000000008ed00000, 0x000000008ed00000| Complete 
| 238|0x000000008ee00000, 0x000000008ef00000, 0x000000008ef00000|100%| E|CS|TAMS 0x000000008ee00000, 0x000000008ee00000| Complete 
| 239|0x000000008ef00000, 0x000000008f000000, 0x000000008f000000|100%| E|CS|TAMS 0x000000008ef00000, 0x000000008ef00000| Complete 
| 240|0x000000008f000000, 0x000000008f100000, 0x000000008f100000|100%| E|CS|TAMS 0x000000008f000000, 0x000000008f000000| Complete 
| 241|0x000000008f100000, 0x000000008f200000, 0x000000008f200000|100%| E|CS|TAMS 0x000000008f100000, 0x000000008f100000| Complete 
| 242|0x000000008f200000, 0x000000008f300000, 0x000000008f300000|100%| E|CS|TAMS 0x000000008f200000, 0x000000008f200000| Complete 
| 243|0x000000008f300000, 0x000000008f400000, 0x000000008f400000|100%| E|CS|TAMS 0x000000008f300000, 0x000000008f300000| Complete 
| 244|0x000000008f400000, 0x000000008f500000, 0x000000008f500000|100%| E|CS|TAMS 0x000000008f400000, 0x000000008f400000| Complete 
| 245|0x000000008f500000, 0x000000008f600000, 0x000000008f600000|100%| E|CS|TAMS 0x000000008f500000, 0x000000008f500000| Complete 
| 246|0x000000008f600000, 0x000000008f700000, 0x000000008f700000|100%| E|CS|TAMS 0x000000008f600000, 0x000000008f600000| Complete 
| 247|0x000000008f700000, 0x000000008f800000, 0x000000008f800000|100%| E|CS|TAMS 0x000000008f700000, 0x000000008f700000| Complete 
| 248|0x000000008f800000, 0x000000008f900000, 0x000000008f900000|100%| E|  |TAMS 0x000000008f800000, 0x000000008f800000| Complete 
| 249|0x000000008f900000, 0x000000008fa00000, 0x000000008fa00000|100%| E|CS|TAMS 0x000000008f900000, 0x000000008f900000| Complete 
| 250|0x000000008fa00000, 0x000000008fb00000, 0x000000008fb00000|100%| E|CS|TAMS 0x000000008fa00000, 0x000000008fa00000| Complete 
| 251|0x000000008fb00000, 0x000000008fc00000, 0x000000008fc00000|100%| E|CS|TAMS 0x000000008fb00000, 0x000000008fb00000| Complete 
| 252|0x000000008fc00000, 0x000000008fd00000, 0x000000008fd00000|100%| E|CS|TAMS 0x000000008fc00000, 0x000000008fc00000| Complete 
| 253|0x000000008fd00000, 0x000000008fe00000, 0x000000008fe00000|100%| E|CS|TAMS 0x000000008fd00000, 0x000000008fd00000| Complete 
| 254|0x000000008fe00000, 0x000000008ff00000, 0x000000008ff00000|100%| E|CS|TAMS 0x000000008fe00000, 0x000000008fe00000| Complete 
| 255|0x000000008ff00000, 0x0000000090000000, 0x0000000090000000|100%| E|CS|TAMS 0x000000008ff00000, 0x000000008ff00000| Complete 
| 256|0x0000000090000000, 0x0000000090100000, 0x0000000090100000|100%| E|CS|TAMS 0x0000000090000000, 0x0000000090000000| Complete 
| 257|0x0000000090100000, 0x0000000090200000, 0x0000000090200000|100%| E|CS|TAMS 0x0000000090100000, 0x0000000090100000| Complete 
| 258|0x0000000090200000, 0x0000000090300000, 0x0000000090300000|100%| E|CS|TAMS 0x0000000090200000, 0x0000000090200000| Complete 
| 259|0x0000000090300000, 0x0000000090400000, 0x0000000090400000|100%| E|CS|TAMS 0x0000000090300000, 0x0000000090300000| Complete 
| 260|0x0000000090400000, 0x0000000090500000, 0x0000000090500000|100%| E|CS|TAMS 0x0000000090400000, 0x0000000090400000| Complete 
| 261|0x0000000090500000, 0x0000000090600000, 0x0000000090600000|100%| E|CS|TAMS 0x0000000090500000, 0x0000000090500000| Complete 
| 262|0x0000000090600000, 0x0000000090700000, 0x0000000090700000|100%| E|CS|TAMS 0x0000000090600000, 0x0000000090600000| Complete 
| 263|0x0000000090700000, 0x0000000090800000, 0x0000000090800000|100%| E|CS|TAMS 0x0000000090700000, 0x0000000090700000| Complete 
| 264|0x0000000090800000, 0x0000000090900000, 0x0000000090900000|100%| E|CS|TAMS 0x0000000090800000, 0x0000000090800000| Complete 
| 265|0x0000000090900000, 0x0000000090a00000, 0x0000000090a00000|100%| E|CS|TAMS 0x0000000090900000, 0x0000000090900000| Complete 
| 266|0x0000000090a00000, 0x0000000090b00000, 0x0000000090b00000|100%| E|CS|TAMS 0x0000000090a00000, 0x0000000090a00000| Complete 
| 267|0x0000000090b00000, 0x0000000090c00000, 0x0000000090c00000|100%| E|CS|TAMS 0x0000000090b00000, 0x0000000090b00000| Complete 
| 268|0x0000000090c00000, 0x0000000090d00000, 0x0000000090d00000|100%| E|CS|TAMS 0x0000000090c00000, 0x0000000090c00000| Complete 
| 269|0x0000000090d00000, 0x0000000090e00000, 0x0000000090e00000|100%| E|CS|TAMS 0x0000000090d00000, 0x0000000090d00000| Complete 
| 270|0x0000000090e00000, 0x0000000090f00000, 0x0000000090f00000|100%| E|CS|TAMS 0x0000000090e00000, 0x0000000090e00000| Complete 
| 271|0x0000000090f00000, 0x0000000091000000, 0x0000000091000000|100%| E|CS|TAMS 0x0000000090f00000, 0x0000000090f00000| Complete 
| 272|0x0000000091000000, 0x0000000091100000, 0x0000000091100000|100%| E|CS|TAMS 0x0000000091000000, 0x0000000091000000| Complete 
| 273|0x0000000091100000, 0x0000000091200000, 0x0000000091200000|100%| E|CS|TAMS 0x0000000091100000, 0x0000000091100000| Complete 
| 274|0x0000000091200000, 0x0000000091300000, 0x0000000091300000|100%| E|CS|TAMS 0x0000000091200000, 0x0000000091200000| Complete 
| 275|0x0000000091300000, 0x0000000091400000, 0x0000000091400000|100%| E|CS|TAMS 0x0000000091300000, 0x0000000091300000| Complete 
| 276|0x0000000091400000, 0x0000000091500000, 0x0000000091500000|100%| E|CS|TAMS 0x0000000091400000, 0x0000000091400000| Complete 
| 277|0x0000000091500000, 0x0000000091600000, 0x0000000091600000|100%| E|CS|TAMS 0x0000000091500000, 0x0000000091500000| Complete 
| 278|0x0000000091600000, 0x0000000091700000, 0x0000000091700000|100%| E|CS|TAMS 0x0000000091600000, 0x0000000091600000| Complete 
| 279|0x0000000091700000, 0x0000000091800000, 0x0000000091800000|100%| E|CS|TAMS 0x0000000091700000, 0x0000000091700000| Complete 
| 280|0x0000000091800000, 0x0000000091900000, 0x0000000091900000|100%| E|CS|TAMS 0x0000000091800000, 0x0000000091800000| Complete 
| 281|0x0000000091900000, 0x0000000091a00000, 0x0000000091a00000|100%| E|CS|TAMS 0x0000000091900000, 0x0000000091900000| Complete 
| 282|0x0000000091a00000, 0x0000000091b00000, 0x0000000091b00000|100%| E|CS|TAMS 0x0000000091a00000, 0x0000000091a00000| Complete 
| 283|0x0000000091b00000, 0x0000000091c00000, 0x0000000091c00000|100%| E|CS|TAMS 0x0000000091b00000, 0x0000000091b00000| Complete 
| 284|0x0000000091c00000, 0x0000000091d00000, 0x0000000091d00000|100%| E|CS|TAMS 0x0000000091c00000, 0x0000000091c00000| Complete 
| 285|0x0000000091d00000, 0x0000000091e00000, 0x0000000091e00000|100%| E|CS|TAMS 0x0000000091d00000, 0x0000000091d00000| Complete 
| 286|0x0000000091e00000, 0x0000000091f00000, 0x0000000091f00000|100%| E|CS|TAMS 0x0000000091e00000, 0x0000000091e00000| Complete 
| 287|0x0000000091f00000, 0x0000000092000000, 0x0000000092000000|100%| E|CS|TAMS 0x0000000091f00000, 0x0000000091f00000| Complete 
| 288|0x0000000092000000, 0x0000000092100000, 0x0000000092100000|100%| E|CS|TAMS 0x0000000092000000, 0x0000000092000000| Complete 
| 289|0x0000000092100000, 0x0000000092200000, 0x0000000092200000|100%| E|CS|TAMS 0x0000000092100000, 0x0000000092100000| Complete 

Card table byte_map: [0x0000018775930000,0x0000018775d30000] _byte_map_base: 0x0000018775530000

Marking Bits (Prev, Next): (CMBitMap*) 0x0000018771a999d8, (CMBitMap*) 0x0000018771a99a10
 Prev Bits: [0x0000018776130000, 0x0000018778130000)
 Next Bits: [0x0000018778130000, 0x000001877a130000)

Polling page: 0x000001876fa30000

Metaspace:

Usage:
  Non-class:    101.98 MB capacity,    99.79 MB ( 98%) used,     1.77 MB (  2%) free+waste,   433.50 KB ( <1%) overhead. 
      Class:     15.71 MB capacity,    14.38 MB ( 92%) used,     1.15 MB (  7%) free+waste,   189.94 KB (  1%) overhead. 
       Both:    117.69 MB capacity,   114.17 MB ( 97%) used,     2.92 MB (  2%) free+waste,   623.44 KB ( <1%) overhead. 

Virtual space:
  Non-class space:      104.00 MB reserved,     102.25 MB ( 98%) committed 
      Class space:        1.00 GB reserved,      15.90 MB (  2%) committed 
             Both:        1.10 GB reserved,     118.15 MB ( 10%) committed 

Chunk freelists:
   Non-Class:  82.00 KB
       Class:  106.00 KB
        Both:  188.00 KB

MaxMetaspaceSize: 17179869184.00 GB
CompressedClassSpaceSize: 1.00 GB

CodeHeap 'non-profiled nmethods': size=120064Kb used=15318Kb max_used=16336Kb free=104745Kb
 bounds [0x0000018707ac0000, 0x0000018708ac0000, 0x000001870f000000]
CodeHeap 'profiled nmethods': size=120000Kb used=44840Kb max_used=46594Kb free=75159Kb
 bounds [0x0000018700590000, 0x0000018703330000, 0x0000018707ac0000]
CodeHeap 'non-nmethods': size=5696Kb used=2346Kb max_used=2405Kb free=3349Kb
 bounds [0x0000018700000000, 0x0000018700270000, 0x0000018700590000]
 total_blobs=21315 nmethods=20353 adapters=871
 compilation: enabled
              stopped_count=0, restarted_count=0
 full_count=0

Compilation events (20 events):
Event: 2190.530 Thread 0x000001877c641000 23108       1       org.gradle.api.internal.artifacts.ivyservice.resolveengine.graph.builder.EdgeState::isUsed (5 bytes)
Event: 2190.530 Thread 0x000001877c641000 nmethod 23108 0x0000018707ba7990 code [0x0000018707ba7b40, 0x0000018707ba7bf8]
Event: 2190.530 Thread 0x000001877c641000 23109       1       org.gradle.api.internal.artifacts.ivyservice.resolveengine.graph.builder.EdgeState::isUnattached (5 bytes)
Event: 2190.530 Thread 0x000001877c641000 nmethod 23109 0x0000018707ba7690 code [0x0000018707ba7840, 0x0000018707ba78f8]
Event: 2190.539 Thread 0x000001877faa9800 23110       4       org.gradle.api.internal.artifacts.ivyservice.resolveengine.graph.builder.DependencyGraphBuilder::resolveEdges (43 bytes)
Event: 2190.543 Thread 0x000001877c641000 23111       3       org.gradle.api.internal.artifacts.ivyservice.resolveengine.graph.builder.ModuleResolveState::removeUnattachedDependency (18 bytes)
Event: 2190.543 Thread 0x000001877c641000 nmethod 23111 0x00000187007da690 code [0x00000187007da860, 0x00000187007daac8]
Event: 2190.548 Thread 0x000001877c63b000 23112       4       org.gradle.api.internal.artifacts.ivyservice.resolutionstrategy.DefaultCachePolicy$CachedModuleResolutionControl::<init> (14 bytes)
Event: 2190.550 Thread 0x000001877c641000 23114       3       org.gradle.api.internal.artifacts.ivyservice.resolveengine.graph.conflicts.VersionConflictResolutionDetails::getDisplayName (119 bytes)
Event: 2190.551 Thread 0x000001877c641000 nmethod 23114 0x0000018700aa5c90 code [0x0000018700aa5fa0, 0x0000018700aa6f58]
Event: 2190.553 Thread 0x000001877c63b000 nmethod 23112 0x0000018707ba7090 code [0x0000018707ba7220, 0x0000018707ba7538]
Event: 2190.553 Thread 0x000001877c63b000 23113       4       org.gradle.api.internal.artifacts.ivyservice.ivyresolve.ComponentMetaDataResolveState::<init> (37 bytes)
Event: 2190.564 Thread 0x000001877c63b000 nmethod 23113 0x0000018707ba6390 code [0x0000018707ba6540, 0x0000018707ba6d58]
Event: 2190.566 Thread 0x000001877c63b000 23115       4       com.esotericsoftware.kryo.io.Input::<init> (25 bytes)
Event: 2190.572 Thread 0x000001877c63b000 nmethod 23115 0x0000018707bcca10 code [0x0000018707bccbc0, 0x0000018707bcd038]
Event: 2190.572 Thread 0x000001877c63b000 23116       4       org.gradle.api.internal.artifacts.ivyservice.resolveengine.result.DependencyResultSerializer::read (169 bytes)
Event: 2190.648 Thread 0x000001877c63b000 nmethod 23116 0x0000018707c9dd90 code [0x0000018707c9e0e0, 0x0000018707c9fc38]
Event: 2190.672 Thread 0x000001877c641000 23118       3       org.gradle.internal.snapshot.impl.EnumValueSnapshot::<init> (24 bytes)
Event: 2190.673 Thread 0x000001877c641000 nmethod 23118 0x00000187009a3210 code [0x00000187009a33e0, 0x00000187009a3748]
Event: 2190.725 Thread 0x000001877c63b000 23119       4       java.util.TimSort::sort (229 bytes)

GC Heap History (20 events):
Event: 1089.304 GC heap before
{Heap before GC invocations=84 (full 0):
 garbage-first heap   total 296960K, used 218060K [0x0000000080000000, 0x0000000100000000)
  region size 1024K, 100 young (102400K), 2 survivors (2048K)
 Metaspace       used 115052K, capacity 118396K, committed 118552K, reserved 1153024K
  class space    used 14542K, capacity 15822K, committed 15896K, reserved 1048576K
}
Event: 1089.405 GC heap after
{Heap after GC invocations=85 (full 0):
 garbage-first heap   total 296960K, used 139264K [0x0000000080000000, 0x0000000100000000)
  region size 1024K, 13 young (13312K), 13 survivors (13312K)
 Metaspace       used 115052K, capacity 118396K, committed 118552K, reserved 1153024K
  class space    used 14542K, capacity 15822K, committed 15896K, reserved 1048576K
}
Event: 1089.413 GC heap before
{Heap before GC invocations=85 (full 0):
 garbage-first heap   total 296960K, used 140288K [0x0000000080000000, 0x0000000100000000)
  region size 1024K, 14 young (14336K), 13 survivors (13312K)
 Metaspace       used 115052K, capacity 118396K, committed 118552K, reserved 1153024K
  class space    used 14542K, capacity 15822K, committed 15896K, reserved 1048576K
}
Event: 1089.462 GC heap after
{Heap after GC invocations=86 (full 0):
 garbage-first heap   total 296960K, used 135168K [0x0000000080000000, 0x0000000100000000)
  region size 1024K, 1 young (1024K), 1 survivors (1024K)
 Metaspace       used 115052K, capacity 118396K, committed 118552K, reserved 1153024K
  class space    used 14542K, capacity 15822K, committed 15896K, reserved 1048576K
}
Event: 1090.186 GC heap before
{Heap before GC invocations=86 (full 0):
 garbage-first heap   total 296960K, used 188416K [0x0000000080000000, 0x0000000100000000)
  region size 1024K, 54 young (55296K), 1 survivors (1024K)
 Metaspace       used 115055K, capacity 118397K, committed 118552K, reserved 1153024K
  class space    used 14542K, capacity 15822K, committed 15896K, reserved 1048576K
}
Event: 1090.236 GC heap after
{Heap after GC invocations=87 (full 0):
 garbage-first heap   total 296960K, used 156672K [0x0000000080000000, 0x0000000100000000)
  region size 1024K, 10 young (10240K), 10 survivors (10240K)
 Metaspace       used 115055K, capacity 118397K, committed 118552K, reserved 1153024K
  class space    used 14542K, capacity 15822K, committed 15896K, reserved 1048576K
}
Event: 1090.846 GC heap before
{Heap before GC invocations=87 (full 0):
 garbage-first heap   total 296960K, used 215040K [0x0000000080000000, 0x0000000100000000)
  region size 1024K, 69 young (70656K), 10 survivors (10240K)
 Metaspace       used 115056K, capacity 118397K, committed 118552K, reserved 1153024K
  class space    used 14542K, capacity 15822K, committed 15896K, reserved 1048576K
}
Event: 1090.893 GC heap after
{Heap after GC invocations=88 (full 0):
 garbage-first heap   total 296960K, used 165504K [0x0000000080000000, 0x0000000100000000)
  region size 1024K, 9 young (9216K), 9 survivors (9216K)
 Metaspace       used 115056K, capacity 118397K, committed 118552K, reserved 1153024K
  class space    used 14542K, capacity 15822K, committed 15896K, reserved 1048576K
}
Event: 1134.132 GC heap before
{Heap before GC invocations=89 (full 0):
 garbage-first heap   total 296960K, used 266880K [0x0000000080000000, 0x0000000100000000)
  region size 1024K, 66 young (67584K), 9 survivors (9216K)
 Metaspace       used 115358K, capacity 118633K, committed 118808K, reserved 1153024K
  class space    used 14567K, capacity 15832K, committed 15896K, reserved 1048576K
}
Event: 1134.149 GC heap after
{Heap after GC invocations=90 (full 0):
 garbage-first heap   total 296960K, used 160177K [0x0000000080000000, 0x0000000100000000)
  region size 1024K, 2 young (2048K), 2 survivors (2048K)
 Metaspace       used 115358K, capacity 118633K, committed 118808K, reserved 1153024K
  class space    used 14567K, capacity 15832K, committed 15896K, reserved 1048576K
}
Event: 1134.490 GC heap before
{Heap before GC invocations=90 (full 0):
 garbage-first heap   total 296960K, used 172465K [0x0000000080000000, 0x0000000100000000)
  region size 1024K, 14 young (14336K), 2 survivors (2048K)
 Metaspace       used 115359K, capacity 118633K, committed 118808K, reserved 1153024K
  class space    used 14567K, capacity 15832K, committed 15896K, reserved 1048576K
}
Event: 1134.499 GC heap after
{Heap after GC invocations=91 (full 0):
 garbage-first heap   total 296960K, used 155621K [0x0000000080000000, 0x0000000100000000)
  region size 1024K, 1 young (1024K), 1 survivors (1024K)
 Metaspace       used 115359K, capacity 118633K, committed 118808K, reserved 1153024K
  class space    used 14567K, capacity 15832K, committed 15896K, reserved 1048576K
}
Event: 1138.635 GC heap before
{Heap before GC invocations=91 (full 0):
 garbage-first heap   total 296960K, used 225253K [0x0000000080000000, 0x0000000100000000)
  region size 1024K, 70 young (71680K), 1 survivors (1024K)
 Metaspace       used 116161K, capacity 119751K, committed 119832K, reserved 1153024K
  class space    used 14700K, capacity 16076K, committed 16152K, reserved 1048576K
}
Event: 1138.665 GC heap after
{Heap after GC invocations=92 (full 0):
 garbage-first heap   total 296960K, used 163289K [0x0000000080000000, 0x0000000100000000)
  region size 1024K, 9 young (9216K), 9 survivors (9216K)
 Metaspace       used 116161K, capacity 119751K, committed 119832K, reserved 1153024K
  class space    used 14700K, capacity 16076K, committed 16152K, reserved 1048576K
}
Event: 1204.285 GC heap before
{Heap before GC invocations=93 (full 0):
 garbage-first heap   total 296960K, used 189913K [0x0000000080000000, 0x0000000100000000)
  region size 1024K, 75 young (76800K), 9 survivors (9216K)
 Metaspace       used 116428K, capacity 120097K, committed 120344K, reserved 1153024K
  class space    used 14737K, capacity 16143K, committed 16152K, reserved 1048576K
}
Event: 1204.303 GC heap after
{Heap after GC invocations=94 (full 0):
 garbage-first heap   total 296960K, used 107852K [0x0000000080000000, 0x0000000100000000)
  region size 1024K, 6 young (6144K), 6 survivors (6144K)
 Metaspace       used 116428K, capacity 120097K, committed 120344K, reserved 1153024K
  class space    used 14737K, capacity 16143K, committed 16152K, reserved 1048576K
}
Event: 1204.458 GC heap before
{Heap before GC invocations=94 (full 0):
 garbage-first heap   total 296960K, used 115020K [0x0000000080000000, 0x0000000100000000)
  region size 1024K, 14 young (14336K), 6 survivors (6144K)
 Metaspace       used 116431K, capacity 120098K, committed 120344K, reserved 1153024K
  class space    used 14737K, capacity 16143K, committed 16152K, reserved 1048576K
}
Event: 1204.466 GC heap after
{Heap after GC invocations=95 (full 0):
 garbage-first heap   total 296960K, used 91537K [0x0000000080000000, 0x0000000100000000)
  region size 1024K, 1 young (1024K), 1 survivors (1024K)
 Metaspace       used 116431K, capacity 120098K, committed 120344K, reserved 1153024K
  class space    used 14737K, capacity 16143K, committed 16152K, reserved 1048576K
}
Event: 2161.429 GC heap before
{Heap before GC invocations=95 (full 0):
 garbage-first heap   total 296960K, used 148881K [0x0000000080000000, 0x0000000100000000)
  region size 1024K, 59 young (60416K), 1 survivors (1024K)
 Metaspace       used 116611K, capacity 120358K, committed 120600K, reserved 1153024K
  class space    used 14737K, capacity 16143K, committed 16152K, reserved 1048576K
}
Event: 2161.457 GC heap after
{Heap after GC invocations=96 (full 0):
 garbage-first heap   total 296960K, used 96170K [0x0000000080000000, 0x0000000100000000)
  region size 1024K, 6 young (6144K), 6 survivors (6144K)
 Metaspace       used 116611K, capacity 120358K, committed 120600K, reserved 1153024K
  class space    used 14737K, capacity 16143K, committed 16152K, reserved 1048576K
}

Deoptimization events (20 events):
Event: 2163.261 Thread 0x0000018711584800 Uncommon trap: trap_request=0xffffffc6 fr.pc=0x00000187086f02c4 relative=0x00000000000008a4
Event: 2163.261 Thread 0x0000018711584800 Uncommon trap: reason=bimorphic_or_optimized_type_check action=maybe_recompile pc=0x00000187086f02c4 method=com.google.common.cache.LocalCache$Segment.setValue(Lcom/google/common/cache/ReferenceEntry;Ljava/lang/Object;Ljava/lang/Object;J)V @ 51 c2
Event: 2163.261 Thread 0x0000018711584800 DEOPT PACKING pc=0x00000187086f02c4 sp=0x00000058415fc900
Event: 2163.261 Thread 0x0000018711584800 DEOPT UNPACKING pc=0x00000187000278af sp=0x00000058415fc898 mode 2
Event: 2163.262 Thread 0x0000018711584800 Uncommon trap: trap_request=0xffffffd6 fr.pc=0x00000187085f2208 relative=0x00000000000007a8
Event: 2163.262 Thread 0x0000018711584800 Uncommon trap: reason=array_check action=maybe_recompile pc=0x00000187085f2208 method=java.util.ComparableTimSort.binarySort([Ljava/lang/Object;III)V @ 193 c2
Event: 2163.262 Thread 0x0000018711584800 DEOPT PACKING pc=0x00000187085f2208 sp=0x00000058415fbd10
Event: 2163.262 Thread 0x0000018711584800 DEOPT UNPACKING pc=0x00000187000278af sp=0x00000058415fbcb0 mode 2
Event: 2163.363 Thread 0x0000018711588000 Uncommon trap: trap_request=0xffffffd6 fr.pc=0x00000187088e4348 relative=0x0000000000000308
Event: 2163.364 Thread 0x0000018711588000 Uncommon trap: reason=array_check action=maybe_recompile pc=0x00000187088e4348 method=java.util.TimSort.reverseRange([Ljava/lang/Object;II)V @ 27 c2
Event: 2163.364 Thread 0x0000018711588000 DEOPT PACKING pc=0x00000187088e4348 sp=0x000000583fdfb820
Event: 2163.364 Thread 0x0000018711588000 DEOPT UNPACKING pc=0x00000187000278af sp=0x000000583fdfb7d0 mode 2
Event: 2163.371 Thread 0x0000018711588000 Uncommon trap: trap_request=0xffffffd6 fr.pc=0x00000187085f22c4 relative=0x0000000000000864
Event: 2163.371 Thread 0x0000018711588000 Uncommon trap: reason=array_check action=maybe_recompile pc=0x00000187085f22c4 method=java.util.ComparableTimSort.binarySort([Ljava/lang/Object;III)V @ 183 c2
Event: 2163.371 Thread 0x0000018711588000 DEOPT PACKING pc=0x00000187085f22c4 sp=0x000000583fdfaa40
Event: 2163.371 Thread 0x0000018711588000 DEOPT UNPACKING pc=0x00000187000278af sp=0x000000583fdfa9e0 mode 2
Event: 2190.000 Thread 0x0000018711584800 Uncommon trap: trap_request=0xffffffcc fr.pc=0x0000018708a4b2dc relative=0x000000000000325c
Event: 2190.000 Thread 0x0000018711584800 Uncommon trap: reason=intrinsic_or_type_checked_inlining action=make_not_entrant pc=0x0000018708a4b2dc method=com.google.common.collect.RegularImmutableList.copyIntoArray([Ljava/lang/Object;I)I @ 11 c2
Event: 2190.001 Thread 0x0000018711584800 DEOPT PACKING pc=0x0000018708a4b2dc sp=0x00000058415f9450
Event: 2190.001 Thread 0x0000018711584800 DEOPT UNPACKING pc=0x00000187000278af sp=0x00000058415f8e70 mode 2

Classes redefined (0 events):
No events

Internal exceptions (20 events):
Event: 2162.752 Thread 0x0000018711586000 Exception <a 'java/lang/NoSuchMethodError'{0x00000000921439c0}: <clinit>> (0x00000000921439c0) thrown at [./src/hotspot/share/prims/jni.cpp, line 1362]
Event: 2162.753 Thread 0x0000018711586000 Implicit null exception at 0x0000018707b0894e to 0x0000018707b08f98
Event: 2162.811 Thread 0x0000018711586000 Implicit null exception at 0x0000018707e1f5b2 to 0x0000018707e2038c
Event: 2162.823 Thread 0x0000018711586000 Exception <a 'java/lang/NoSuchMethodError'{0x00000000907c2408}: <clinit>> (0x00000000907c2408) thrown at [./src/hotspot/share/prims/jni.cpp, line 1362]
Event: 2163.221 Thread 0x0000018711584800 Implicit null exception at 0x0000018707c7e846 to 0x0000018707c7ebbc
Event: 2163.249 Thread 0x0000018711584800 Implicit null exception at 0x0000018707dadf4e to 0x0000018707dae4dc
Event: 2163.249 Thread 0x0000018711584800 Implicit null exception at 0x0000018708823643 to 0x0000018708825ae0
Event: 2163.364 Thread 0x0000018711588000 Exception <a 'java/lang/NoSuchMethodError'{0x000000008f812bb0}: <clinit>> (0x000000008f812bb0) thrown at [./src/hotspot/share/prims/jni.cpp, line 1362]
Event: 2163.365 Thread 0x0000018711588000 Exception <a 'java/lang/NoSuchMethodError'{0x000000008f823c38}: <clinit>> (0x000000008f823c38) thrown at [./src/hotspot/share/prims/jni.cpp, line 1362]
Event: 2163.366 Thread 0x0000018711588000 Exception <a 'java/lang/NoSuchMethodError'{0x000000008f825320}: <clinit>> (0x000000008f825320) thrown at [./src/hotspot/share/prims/jni.cpp, line 1362]
Event: 2163.368 Thread 0x0000018711588000 Exception <a 'java/lang/NoSuchMethodError'{0x000000008f837720}: <clinit>> (0x000000008f837720) thrown at [./src/hotspot/share/prims/jni.cpp, line 1362]
Event: 2163.369 Thread 0x0000018711588000 Exception <a 'java/lang/NoSuchMethodError'{0x000000008f843b68}: <clinit>> (0x000000008f843b68) thrown at [./src/hotspot/share/prims/jni.cpp, line 1362]
Event: 2163.382 Thread 0x0000018711588000 Exception <a 'java/lang/NoSuchMethodError'{0x000000008f858f70}: <clinit>> (0x000000008f858f70) thrown at [./src/hotspot/share/prims/jni.cpp, line 1362]
Event: 2190.016 Thread 0x0000018711584800 Exception <a 'sun/nio/fs/WindowsException'{0x000000008e79a000}> (0x000000008e79a000) thrown at [./src/hotspot/share/prims/jni.cpp, line 615]
Event: 2190.159 Thread 0x0000018711584800 Exception <a 'java/lang/NoClassDefFoundError'{0x000000008de45fb0}: org/jetbrains/kotlin/gradle/plugin/KotlinBasePluginWrapper> (0x000000008de45fb0) thrown at [./src/hotspot/share/oops/constantPool.cpp, line 775]
Event: 2190.248 Thread 0x0000018711584800 Exception <a 'sun/nio/fs/WindowsException'{0x000000008dd3ded0}> (0x000000008dd3ded0) thrown at [./src/hotspot/share/prims/jni.cpp, line 615]
Event: 2190.268 Thread 0x0000018711584800 Exception <a 'sun/nio/fs/WindowsException'{0x000000008ddd98f0}> (0x000000008ddd98f0) thrown at [./src/hotspot/share/prims/jni.cpp, line 615]
Event: 2190.268 Thread 0x0000018711584800 Exception <a 'sun/nio/fs/WindowsException'{0x000000008ddda9c0}> (0x000000008ddda9c0) thrown at [./src/hotspot/share/prims/jni.cpp, line 615]
Event: 2190.269 Thread 0x0000018711584800 Exception <a 'sun/nio/fs/WindowsException'{0x000000008dddbae0}> (0x000000008dddbae0) thrown at [./src/hotspot/share/prims/jni.cpp, line 615]
Event: 2190.269 Thread 0x0000018711584800 Exception <a 'sun/nio/fs/WindowsException'{0x000000008dddcc00}> (0x000000008dddcc00) thrown at [./src/hotspot/share/prims/jni.cpp, line 615]

Events (20 events):
Event: 2190.546 loading class org/gradle/api/internal/artifacts/ivyservice/resolutionstrategy/DefaultCachePolicy$1
Event: 2190.546 loading class org/gradle/api/internal/artifacts/ivyservice/resolutionstrategy/DefaultCachePolicy$1 done
Event: 2190.725 Executing VM operation: RevokeBias
Event: 2190.726 Executing VM operation: RevokeBias done
Event: 2190.727 Executing VM operation: RevokeBias
Event: 2190.727 Executing VM operation: RevokeBias done
Event: 2190.734 Executing VM operation: RevokeBias
Event: 2190.735 Executing VM operation: RevokeBias done
Event: 2190.735 Executing VM operation: RevokeBias
Event: 2190.735 Executing VM operation: RevokeBias done
Event: 2190.735 Executing VM operation: RevokeBias
Event: 2190.735 Executing VM operation: RevokeBias done
Event: 2190.736 Executing VM operation: RevokeBias
Event: 2190.736 Executing VM operation: RevokeBias done
Event: 2190.737 Executing VM operation: RevokeBias
Event: 2190.737 Executing VM operation: RevokeBias done
Event: 2190.737 Executing VM operation: RevokeBias
Event: 2190.737 Executing VM operation: RevokeBias done
Event: 2190.738 Executing VM operation: RevokeBias
Event: 2190.738 Executing VM operation: RevokeBias done


Dynamic libraries:
0x00007ff6a80d0000 - 0x00007ff6a80da000 	C:\Program Files\Android\Android Studio\jre\bin\java.exe
0x00007ffaa3050000 - 0x00007ffaa323d000 	C:\Windows\SYSTEM32\ntdll.dll
0x00007ffa8d7b0000 - 0x00007ffa8d7c5000 	C:\Program Files\AVAST Software\Avast\aswhook.dll
0x00007ffaa2ec0000 - 0x00007ffaa2f73000 	C:\Windows\System32\KERNEL32.DLL
0x00007ffa9f1b0000 - 0x00007ffa9f445000 	C:\Windows\System32\KERNELBASE.dll
0x00007ffa9f4a0000 - 0x00007ffa9f59a000 	C:\Windows\System32\ucrtbase.dll
0x00007ffa82180000 - 0x00007ffa82199000 	C:\Program Files\Android\Android Studio\jre\bin\jli.dll
0x00007ffaa0970000 - 0x00007ffaa0b08000 	C:\Windows\System32\USER32.dll
0x00007ffa75b80000 - 0x00007ffa75b97000 	C:\Program Files\Android\Android Studio\jre\bin\VCRUNTIME140.dll
0x00007ffa9f740000 - 0x00007ffa9f760000 	C:\Windows\System32\win32u.dll
0x00007ffaa0730000 - 0x00007ffaa0759000 	C:\Windows\System32\GDI32.dll
0x00007ffa8ec20000 - 0x00007ffa8ee99000 	C:\Windows\WinSxS\amd64_microsoft.windows.common-controls_6595b64144ccf1df_6.0.17763.2114_none_de6e8966534dbac6\COMCTL32.dll
0x00007ffa9f5a0000 - 0x00007ffa9f73c000 	C:\Windows\System32\gdi32full.dll
0x00007ffaa01e0000 - 0x00007ffaa0280000 	C:\Windows\System32\msvcp_win.dll
0x00007ffaa26e0000 - 0x00007ffaa277e000 	C:\Windows\System32\msvcrt.dll
0x00007ffaa03a0000 - 0x00007ffaa06cd000 	C:\Windows\System32\combase.dll
0x00007ffaa0280000 - 0x00007ffaa039f000 	C:\Windows\System32\RPCRT4.dll
0x00007ffaa0150000 - 0x00007ffaa01d2000 	C:\Windows\System32\bcryptPrimitives.dll
0x00007ffaa0be0000 - 0x00007ffaa0c0e000 	C:\Windows\System32\IMM32.DLL
0x00007ffa75ae0000 - 0x00007ffa75b7d000 	C:\Program Files\Android\Android Studio\jre\bin\msvcp140.dll
0x00007ffa6c9f0000 - 0x00007ffa6d4bf000 	C:\Program Files\Android\Android Studio\jre\bin\server\jvm.dll
0x00007ffaa2e10000 - 0x00007ffaa2eb4000 	C:\Windows\System32\ADVAPI32.dll
0x00007ffaa2f80000 - 0x00007ffaa301e000 	C:\Windows\System32\sechost.dll
0x00007ffaa2390000 - 0x00007ffaa2398000 	C:\Windows\System32\PSAPI.DLL
0x00007ffa8cc50000 - 0x00007ffa8cc59000 	C:\Windows\SYSTEM32\WSOCK32.dll
0x00007ffa9cb60000 - 0x00007ffa9cb84000 	C:\Windows\SYSTEM32\WINMM.dll
0x00007ffaa23c0000 - 0x00007ffaa242d000 	C:\Windows\System32\WS2_32.dll
0x00007ffa99f60000 - 0x00007ffa99f6a000 	C:\Windows\SYSTEM32\VERSION.dll
0x00007ffa9c7d0000 - 0x00007ffa9c7fd000 	C:\Windows\SYSTEM32\winmmbase.dll
0x00007ffa9f160000 - 0x00007ffa9f1aa000 	C:\Windows\System32\cfgmgr32.dll
0x00007ffa9f0e0000 - 0x00007ffa9f0f1000 	C:\Windows\System32\kernel.appcore.dll
0x00007ffa97420000 - 0x00007ffa97431000 	C:\Program Files\Android\Android Studio\jre\bin\verify.dll
0x00007ffa9da80000 - 0x00007ffa9dc6d000 	C:\Windows\SYSTEM32\DBGHELP.DLL
0x00007ffa925c0000 - 0x00007ffa925ea000 	C:\Windows\SYSTEM32\dbgcore.DLL
0x00007ffa973f0000 - 0x00007ffa97419000 	C:\Program Files\Android\Android Studio\jre\bin\java.dll
0x00007ffa973e0000 - 0x00007ffa973eb000 	C:\Program Files\Android\Android Studio\jre\bin\jimage.dll
0x00007ffa973c0000 - 0x00007ffa973d8000 	C:\Program Files\Android\Android Studio\jre\bin\zip.dll
0x00007ffaa0e90000 - 0x00007ffaa2389000 	C:\Windows\System32\SHELL32.dll
0x00007ffaa2450000 - 0x00007ffaa24f8000 	C:\Windows\System32\shcore.dll
0x00007ffa9f760000 - 0x00007ffa9feab000 	C:\Windows\System32\windows.storage.dll
0x00007ffa9f090000 - 0x00007ffa9f0b4000 	C:\Windows\System32\profapi.dll
0x00007ffa9f030000 - 0x00007ffa9f08d000 	C:\Windows\System32\powrprof.dll
0x00007ffaa0e30000 - 0x00007ffaa0e82000 	C:\Windows\System32\shlwapi.dll
0x00007ffa9f480000 - 0x00007ffa9f497000 	C:\Windows\System32\cryptsp.dll
0x00007ffa973a0000 - 0x00007ffa973ba000 	C:\Program Files\Android\Android Studio\jre\bin\net.dll
0x00007ffa8e0f0000 - 0x00007ffa8e1e1000 	C:\Windows\SYSTEM32\WINHTTP.dll
0x00007ffa9e820000 - 0x00007ffa9e887000 	C:\Windows\system32\mswsock.dll
0x00007ffa97300000 - 0x00007ffa97314000 	C:\Program Files\Android\Android Studio\jre\bin\nio.dll
0x00007ffa75ce0000 - 0x00007ffa75d07000 	C:\Users\Alina\.gradle\native\8bec1ad78214c89d9ad589b4d07fe93259594b29d510b10fafb7a158f7737e5d\windows-amd64\native-platform.dll
0x00007ffa75ba0000 - 0x00007ffa75cdd000 	C:\Users\Alina\.gradle\native\53dbd7edfb1c66fb8903c78663c9afc45aea4f116125fa6feffd364cf09443e8\windows-amd64\native-platform-file-events.dll
0x00007ffa972f0000 - 0x00007ffa972fa000 	C:\Program Files\Android\Android Studio\jre\bin\management.dll
0x00007ffa972e0000 - 0x00007ffa972ec000 	C:\Program Files\Android\Android Studio\jre\bin\management_ext.dll
0x00007ffa9e3b0000 - 0x00007ffa9e3e3000 	C:\Windows\system32\rsaenh.dll
0x00007ffa9f450000 - 0x00007ffa9f476000 	C:\Windows\System32\bcrypt.dll
0x00007ffa9ef30000 - 0x00007ffa9ef59000 	C:\Windows\SYSTEM32\USERENV.dll
0x00007ffa9e9f0000 - 0x00007ffa9e9fc000 	C:\Windows\SYSTEM32\CRYPTBASE.dll
0x00007ffa9e540000 - 0x00007ffa9e57d000 	C:\Windows\SYSTEM32\IPHLPAPI.DLL
0x00007ffaa23a0000 - 0x00007ffaa23a8000 	C:\Windows\System32\NSI.dll
0x00007ffa9d9c0000 - 0x00007ffa9d9d6000 	C:\Windows\SYSTEM32\dhcpcsvc6.DLL
0x00007ffa9d9a0000 - 0x00007ffa9d9bc000 	C:\Windows\SYSTEM32\dhcpcsvc.DLL
0x00007ffa9e580000 - 0x00007ffa9e646000 	C:\Windows\SYSTEM32\DNSAPI.dll
0x00007ffa94bb0000 - 0x00007ffa94bd7000 	C:\Program Files\Android\Android Studio\jre\bin\sunec.dll

dbghelp: loaded successfully - version: 4.0.5 - missing functions: none
symbol engine: initialized successfully - sym options: 0x614 - pdb path: .;C:\Program Files\Android\Android Studio\jre\bin;C:\Windows\SYSTEM32;C:\Program Files\AVAST Software\Avast;C:\Windows\WinSxS\amd64_microsoft.windows.common-controls_6595b64144ccf1df_6.0.17763.2114_none_de6e8966534dbac6;C:\Program Files\Android\Android Studio\jre\bin\server;C:\Users\Alina\.gradle\native\8bec1ad78214c89d9ad589b4d07fe93259594b29d510b10fafb7a158f7737e5d\windows-amd64;C:\Users\Alina\.gradle\native\53dbd7edfb1c66fb8903c78663c9afc45aea4f116125fa6feffd364cf09443e8\windows-amd64

VM Arguments:
jvm_args: --add-opens=java.base/java.util=ALL-UNNAMED --add-opens=java.base/java.lang=ALL-UNNAMED --add-opens=java.base/java.lang.invoke=ALL-UNNAMED --add-opens=java.base/java.util=ALL-UNNAMED --add-opens=java.prefs/java.util.prefs=ALL-UNNAMED --add-opens=java.prefs/java.util.prefs=ALL-UNNAMED --add-opens=java.base/java.nio.charset=ALL-UNNAMED --add-opens=java.base/java.net=ALL-UNNAMED --add-opens=java.base/java.util.concurrent.atomic=ALL-UNNAMED -Xmx2048m -Dfile.encoding=UTF-8 -Duser.country=RU -Duser.language=ru -Duser.variant 
java_command: org.gradle.launcher.daemon.bootstrap.GradleDaemon 7.0.2
java_class_path (initial): C:\Users\Alina\.gradle\wrapper\dists\gradle-7.0.2-bin\857tjihv64xamwrf0h14cai3r\gradle-7.0.2\lib\gradle-launcher-7.0.2.jar
Launcher Type: SUN_STANDARD

[Global flags]
     intx CICompilerCount                          = 3                                         {product} {ergonomic}
     uint ConcGCThreads                            = 1                                         {product} {ergonomic}
     uint G1ConcRefinementThreads                  = 4                                         {product} {ergonomic}
   size_t G1HeapRegionSize                         = 1048576                                   {product} {ergonomic}
    uintx GCDrainStackTargetSize                   = 64                                        {product} {ergonomic}
   size_t InitialHeapSize                          = 117440512                                 {product} {ergonomic}
   size_t MarkStackSize                            = 4194304                                   {product} {ergonomic}
   size_t MaxHeapSize                              = 2147483648                                {product} {command line}
   size_t MaxNewSize                               = 1287651328                                {product} {ergonomic}
   size_t MinHeapDeltaBytes                        = 1048576                                   {product} {ergonomic}
    uintx NonNMethodCodeHeapSize                   = 5830732                                {pd product} {ergonomic}
    uintx NonProfiledCodeHeapSize                  = 122913754                              {pd product} {ergonomic}
    uintx ProfiledCodeHeapSize                     = 122913754                              {pd product} {ergonomic}
    uintx ReservedCodeCacheSize                    = 251658240                              {pd product} {ergonomic}
     bool SegmentedCodeCache                       = true                                      {product} {ergonomic}
     bool UseCompressedClassPointers               = true                                 {lp64_product} {ergonomic}
     bool UseCompressedOops                        = true                                 {lp64_product} {ergonomic}
     bool UseG1GC                                  = true                                      {product} {ergonomic}
     bool UseLargePagesIndividualAllocation        = false                                  {pd product} {ergonomic}

Logging:
Log output configuration:
 #0: stdout all=warning uptime,level,tags
 #1: stderr all=off uptime,level,tags

Environment Variables:
JAVA_HOME=C:\Program Files\Java\jdk-16.0.2
PATH=C:\Program Files\Common Files\Oracle\Java\javapath;C:\Program Files (x86)\Common Files\Oracle\Java\javapath;C:\Windows\system32;C:\Windows;C:\Windows\System32\Wbem;C:\Windows\System32\WindowsPowerShell\v1.0\;C:\Windows\System32\OpenSSH\;C:\Users\Alina\AppData\Local\Microsoft\WindowsApps;C:\Users\Alina\AppData\Local\GitHubDesktop\bin
USERNAME=Alina
OS=Windows_NT
PROCESSOR_IDENTIFIER=AMD64 Family 23 Model 17 Stepping 0, AuthenticAMD



---------------  S Y S T E M  ---------------

OS: Windows 10 , 64 bit Build 17763 (10.0.17763.2090)
OS uptime: 0 days 0:38 hours

CPU:total 4 (initial active 4) (4 cores per cpu, 2 threads per core) family 23 model 17 stepping 0 microcode 0x0, cmov, cx8, fxsr, mmx, sse, sse2, sse3, ssse3, sse4.1, sse4.2, popcnt, avx, avx2, aes, clmul, mmxext, 3dnowpref, lzcnt, sse4a, ht, tsc, tscinvbit, tscinv, bmi1, bmi2, adx, s

Memory: 4k page, system-wide physical 7075M (621M free)
TotalPageFile size 9123M (AvailPageFile size 4M)
current process WorkingSet (physical memory assigned to process): 439M, peak: 631M
current process commit charge ("private bytes"): 659M, peak: 696M

vm_info: OpenJDK 64-Bit Server VM (11.0.10+0-b96-7249189) for windows-amd64 JRE (11.0.10+0-b96-7249189), built on Mar 31 2021 21:44:00 by "builder" with MS VC++ 14.0 (VS2015)

END.
